mode: set
mysql_tablespace_recycling/main.go:7.13,9.2 1 0
mysql_tablespace_recycling/pkg/logger/logger.go:22.35,23.11 1 0
mysql_tablespace_recycling/pkg/logger/logger.go:24.13,25.17 1 0
mysql_tablespace_recycling/pkg/logger/logger.go:26.12,27.16 1 0
mysql_tablespace_recycling/pkg/logger/logger.go:28.12,29.16 1 0
mysql_tablespace_recycling/pkg/logger/logger.go:30.13,31.17 1 0
mysql_tablespace_recycling/pkg/logger/logger.go:32.10,33.19 1 0
mysql_tablespace_recycling/pkg/logger/logger.go:54.57,55.19 1 0
mysql_tablespace_recycling/pkg/logger/logger.go:55.19,57.3 1 0
mysql_tablespace_recycling/pkg/logger/logger.go:59.2,62.3 1 0
mysql_tablespace_recycling/pkg/logger/logger.go:66.68,69.2 2 0
mysql_tablespace_recycling/pkg/logger/logger.go:72.46,73.35 1 0
mysql_tablespace_recycling/pkg/logger/logger.go:74.15,75.15 1 0
mysql_tablespace_recycling/pkg/logger/logger.go:76.14,77.14 1 0
mysql_tablespace_recycling/pkg/logger/logger.go:78.25,79.14 1 0
mysql_tablespace_recycling/pkg/logger/logger.go:80.15,81.15 1 0
mysql_tablespace_recycling/pkg/logger/logger.go:82.10,83.14 1 0
mysql_tablespace_recycling/pkg/logger/logger.go:88.50,90.2 1 0
mysql_tablespace_recycling/pkg/logger/logger.go:93.48,95.2 1 0
mysql_tablespace_recycling/pkg/logger/logger.go:98.64,99.22 1 0
mysql_tablespace_recycling/pkg/logger/logger.go:99.22,101.3 1 0
mysql_tablespace_recycling/pkg/logger/logger.go:105.63,106.21 1 0
mysql_tablespace_recycling/pkg/logger/logger.go:106.21,108.3 1 0
mysql_tablespace_recycling/pkg/logger/logger.go:112.63,113.21 1 0
mysql_tablespace_recycling/pkg/logger/logger.go:113.21,115.3 1 0
mysql_tablespace_recycling/pkg/logger/logger.go:119.64,120.22 1 0
mysql_tablespace_recycling/pkg/logger/logger.go:120.22,122.3 1 0
mysql_tablespace_recycling/pkg/logger/logger.go:126.78,128.19 2 0
mysql_tablespace_recycling/pkg/logger/logger.go:128.19,130.3 1 0
mysql_tablespace_recycling/pkg/logger/logger.go:131.2,131.30 1 0
mysql_tablespace_recycling/pkg/logger/logger.go:138.37,140.2 1 0
mysql_tablespace_recycling/pkg/logger/logger.go:143.31,145.2 1 0
mysql_tablespace_recycling/pkg/logger/logger.go:148.45,150.2 1 0
mysql_tablespace_recycling/pkg/logger/logger.go:152.44,154.2 1 0
mysql_tablespace_recycling/pkg/logger/logger.go:156.44,158.2 1 0
mysql_tablespace_recycling/pkg/logger/logger.go:160.45,162.2 1 0
mysql_tablespace_recycling/cmd/analyze.go:53.13,65.2 11 0
mysql_tablespace_recycling/cmd/analyze.go:67.58,70.16 2 0
mysql_tablespace_recycling/cmd/analyze.go:70.16,72.3 1 0
mysql_tablespace_recycling/cmd/analyze.go:75.2,76.16 2 0
mysql_tablespace_recycling/cmd/analyze.go:76.16,78.3 1 0
mysql_tablespace_recycling/cmd/analyze.go:80.2,81.16 2 0
mysql_tablespace_recycling/cmd/analyze.go:81.16,83.3 1 0
mysql_tablespace_recycling/cmd/analyze.go:85.2,86.26 2 0
mysql_tablespace_recycling/cmd/analyze.go:86.26,88.17 2 0
mysql_tablespace_recycling/cmd/analyze.go:88.17,90.4 1 0
mysql_tablespace_recycling/cmd/analyze.go:94.2,115.13 6 0
mysql_tablespace_recycling/cmd/analyze.go:115.13,117.3 1 0
mysql_tablespace_recycling/cmd/analyze.go:119.2,120.16 2 0
mysql_tablespace_recycling/cmd/analyze.go:120.16,122.3 1 0
mysql_tablespace_recycling/cmd/analyze.go:125.2,125.23 1 0
mysql_tablespace_recycling/cmd/analyze.go:126.14,127.27 1 0
mysql_tablespace_recycling/cmd/analyze.go:128.15,129.37 1 0
mysql_tablespace_recycling/cmd/analyze.go:130.10,131.68 1 0
mysql_tablespace_recycling/cmd/analyze.go:136.47,137.19 1 0
mysql_tablespace_recycling/cmd/analyze.go:137.19,139.3 1 0
mysql_tablespace_recycling/cmd/analyze.go:141.2,146.38 4 0
mysql_tablespace_recycling/cmd/analyze.go:146.38,149.3 2 0
mysql_tablespace_recycling/cmd/analyze.go:149.8,149.45 1 0
mysql_tablespace_recycling/cmd/analyze.go:149.45,152.3 2 0
mysql_tablespace_recycling/cmd/analyze.go:152.8,152.45 1 0
mysql_tablespace_recycling/cmd/analyze.go:152.45,155.3 2 0
mysql_tablespace_recycling/cmd/analyze.go:155.8,155.44 1 0
mysql_tablespace_recycling/cmd/analyze.go:155.44,158.3 2 0
mysql_tablespace_recycling/cmd/analyze.go:158.8,161.3 1 0
mysql_tablespace_recycling/cmd/analyze.go:163.2,164.16 2 0
mysql_tablespace_recycling/cmd/analyze.go:164.16,166.3 1 0
mysql_tablespace_recycling/cmd/analyze.go:168.2,168.46 1 0
mysql_tablespace_recycling/cmd/analyze.go:172.70,185.37 11 0
mysql_tablespace_recycling/cmd/analyze.go:185.37,187.3 1 0
mysql_tablespace_recycling/cmd/analyze.go:189.2,192.39 2 0
mysql_tablespace_recycling/cmd/analyze.go:192.39,195.3 2 0
mysql_tablespace_recycling/cmd/analyze.go:198.2,208.48 8 0
mysql_tablespace_recycling/cmd/analyze.go:208.48,211.21 3 0
mysql_tablespace_recycling/cmd/analyze.go:211.21,213.4 1 0
mysql_tablespace_recycling/cmd/analyze.go:215.3,227.51 2 0
mysql_tablespace_recycling/cmd/analyze.go:227.51,230.9 3 0
mysql_tablespace_recycling/cmd/analyze.go:233.2,236.40 2 0
mysql_tablespace_recycling/cmd/analyze.go:236.40,241.3 1 0
mysql_tablespace_recycling/cmd/analyze.go:244.2,244.37 1 0
mysql_tablespace_recycling/cmd/analyze.go:244.37,249.3 1 0
mysql_tablespace_recycling/cmd/analyze.go:252.2,252.40 1 0
mysql_tablespace_recycling/cmd/analyze.go:252.40,255.52 3 0
mysql_tablespace_recycling/cmd/analyze.go:255.52,257.4 1 0
mysql_tablespace_recycling/cmd/analyze.go:260.2,260.12 1 0
mysql_tablespace_recycling/cmd/analyze.go:264.49,265.18 1 0
mysql_tablespace_recycling/cmd/analyze.go:266.16,267.18 1 0
mysql_tablespace_recycling/cmd/analyze.go:268.18,269.18 1 0
mysql_tablespace_recycling/cmd/analyze.go:270.14,271.18 1 0
mysql_tablespace_recycling/cmd/analyze.go:272.17,273.18 1 0
mysql_tablespace_recycling/cmd/analyze.go:274.10,275.18 1 0
mysql_tablespace_recycling/cmd/reclaim.go:71.13,88.2 14 0
mysql_tablespace_recycling/cmd/reclaim.go:90.58,93.16 2 0
mysql_tablespace_recycling/cmd/reclaim.go:93.16,95.3 1 0
mysql_tablespace_recycling/cmd/reclaim.go:98.2,99.16 2 0
mysql_tablespace_recycling/cmd/reclaim.go:99.16,101.3 1 0
mysql_tablespace_recycling/cmd/reclaim.go:103.2,104.16 2 0
mysql_tablespace_recycling/cmd/reclaim.go:104.16,106.3 1 0
mysql_tablespace_recycling/cmd/reclaim.go:108.2,109.26 2 0
mysql_tablespace_recycling/cmd/reclaim.go:109.26,111.17 2 0
mysql_tablespace_recycling/cmd/reclaim.go:111.17,113.4 1 0
mysql_tablespace_recycling/cmd/reclaim.go:117.2,147.13 12 0
mysql_tablespace_recycling/cmd/reclaim.go:147.13,149.3 1 0
mysql_tablespace_recycling/cmd/reclaim.go:151.2,167.16 5 0
mysql_tablespace_recycling/cmd/reclaim.go:167.16,169.3 1 0
mysql_tablespace_recycling/cmd/reclaim.go:171.2,171.39 1 0
mysql_tablespace_recycling/cmd/reclaim.go:171.39,174.3 2 0
mysql_tablespace_recycling/cmd/reclaim.go:177.2,186.16 4 0
mysql_tablespace_recycling/cmd/reclaim.go:186.16,188.3 1 0
mysql_tablespace_recycling/cmd/reclaim.go:191.2,222.47 3 0
mysql_tablespace_recycling/cmd/reclaim.go:222.47,224.3 1 0
mysql_tablespace_recycling/cmd/reclaim.go:227.2,227.20 1 0
mysql_tablespace_recycling/cmd/reclaim.go:227.20,230.20 3 0
mysql_tablespace_recycling/cmd/reclaim.go:230.20,232.4 1 0
mysql_tablespace_recycling/cmd/reclaim.go:232.9,235.4 2 0
mysql_tablespace_recycling/cmd/reclaim.go:236.3,236.41 1 0
mysql_tablespace_recycling/cmd/reclaim.go:236.41,239.4 2 0
mysql_tablespace_recycling/cmd/reclaim.go:243.2,243.56 1 0
mysql_tablespace_recycling/cmd/reclaim.go:243.56,245.3 1 0
mysql_tablespace_recycling/cmd/reclaim.go:248.2,248.88 1 0
mysql_tablespace_recycling/cmd/reclaim.go:248.88,249.83 1 0
mysql_tablespace_recycling/cmd/reclaim.go:249.83,252.20 2 0
mysql_tablespace_recycling/cmd/reclaim.go:252.20,255.5 1 0
mysql_tablespace_recycling/cmd/reclaim.go:255.10,258.5 1 0
mysql_tablespace_recycling/cmd/reclaim.go:263.2,266.89 2 0
mysql_tablespace_recycling/cmd/reclaim.go:266.89,268.3 1 0
mysql_tablespace_recycling/cmd/reclaim.go:270.2,273.88 2 0
mysql_tablespace_recycling/cmd/reclaim.go:273.88,275.3 1 0
mysql_tablespace_recycling/cmd/reclaim.go:277.2,277.16 1 0
mysql_tablespace_recycling/cmd/reclaim.go:277.16,279.3 1 0
mysql_tablespace_recycling/cmd/reclaim.go:282.2,282.35 1 0
mysql_tablespace_recycling/cmd/reclaim.go:286.57,293.50 6 0
mysql_tablespace_recycling/cmd/reclaim.go:293.50,295.3 1 0
mysql_tablespace_recycling/cmd/reclaim.go:296.2,300.24 4 0
mysql_tablespace_recycling/cmd/reclaim.go:300.24,302.3 1 0
mysql_tablespace_recycling/cmd/reclaim.go:302.8,304.3 1 0
mysql_tablespace_recycling/cmd/reclaim.go:306.2,315.36 7 0
mysql_tablespace_recycling/cmd/reclaim.go:315.36,316.18 1 0
mysql_tablespace_recycling/cmd/reclaim.go:316.18,319.9 3 0
mysql_tablespace_recycling/cmd/reclaim.go:323.3,333.10 3 0
mysql_tablespace_recycling/cmd/reclaim.go:335.2,337.12 2 0
mysql_tablespace_recycling/cmd/reclaim.go:341.53,350.2 1 0
mysql_tablespace_recycling/cmd/reclaim.go:353.59,355.66 1 0
mysql_tablespace_recycling/cmd/reclaim.go:355.66,358.3 1 0
mysql_tablespace_recycling/cmd/reclaim.go:358.8,358.41 1 0
mysql_tablespace_recycling/cmd/reclaim.go:358.41,366.3 2 0
mysql_tablespace_recycling/cmd/reclaim.go:370.63,380.33 8 0
mysql_tablespace_recycling/cmd/reclaim.go:380.33,383.3 2 0
mysql_tablespace_recycling/cmd/reclaim.go:386.2,386.28 1 0
mysql_tablespace_recycling/cmd/reclaim.go:386.28,388.37 2 0
mysql_tablespace_recycling/cmd/reclaim.go:388.37,390.4 1 0
mysql_tablespace_recycling/cmd/reclaim.go:393.2,393.30 1 0
mysql_tablespace_recycling/cmd/reclaim.go:393.30,395.43 2 0
mysql_tablespace_recycling/cmd/reclaim.go:395.43,397.4 1 0
mysql_tablespace_recycling/cmd/reclaim.go:401.2,401.34 1 0
mysql_tablespace_recycling/cmd/reclaim.go:401.34,407.42 5 0
mysql_tablespace_recycling/cmd/reclaim.go:407.42,409.29 2 0
mysql_tablespace_recycling/cmd/reclaim.go:409.29,411.5 1 0
mysql_tablespace_recycling/cmd/reclaim.go:411.10,411.37 1 0
mysql_tablespace_recycling/cmd/reclaim.go:411.37,413.5 1 0
mysql_tablespace_recycling/cmd/reclaim.go:415.4,416.22 2 0
mysql_tablespace_recycling/cmd/reclaim.go:416.22,418.23 2 0
mysql_tablespace_recycling/cmd/reclaim.go:418.23,420.6 1 0
mysql_tablespace_recycling/cmd/reclaim.go:423.4,430.5 1 0
mysql_tablespace_recycling/cmd/reclaim.go:432.3,432.12 1 0
mysql_tablespace_recycling/cmd/reclaim.go:435.2,435.12 1 0
mysql_tablespace_recycling/cmd/reclaim.go:439.81,445.28 3 0
mysql_tablespace_recycling/cmd/reclaim.go:445.28,447.3 1 0
mysql_tablespace_recycling/cmd/reclaim.go:447.8,447.34 1 0
mysql_tablespace_recycling/cmd/reclaim.go:447.34,449.3 1 0
mysql_tablespace_recycling/cmd/reclaim.go:451.2,451.63 1 0
mysql_tablespace_recycling/cmd/reclaim.go:459.117,470.2 2 0
mysql_tablespace_recycling/cmd/root.go:54.13,79.2 17 0
mysql_tablespace_recycling/cmd/root.go:82.58,85.19 2 0
mysql_tablespace_recycling/cmd/root.go:85.19,87.3 1 0
mysql_tablespace_recycling/cmd/root.go:88.2,89.16 2 0
mysql_tablespace_recycling/cmd/root.go:89.16,92.3 2 0
mysql_tablespace_recycling/cmd/root.go:95.2,99.13 3 0
mysql_tablespace_recycling/cmd/root.go:99.13,101.3 1 0
mysql_tablespace_recycling/cmd/root.go:104.2,104.44 1 0
mysql_tablespace_recycling/cmd/root.go:104.44,106.3 1 0
mysql_tablespace_recycling/cmd/root.go:108.2,109.60 2 0
mysql_tablespace_recycling/cmd/root.go:109.60,111.17 2 0
mysql_tablespace_recycling/cmd/root.go:111.17,114.4 2 0
mysql_tablespace_recycling/cmd/root.go:117.2,117.19 1 0
mysql_tablespace_recycling/cmd/root.go:117.19,119.3 1 0
mysql_tablespace_recycling/cmd/root.go:121.2,124.41 3 0
mysql_tablespace_recycling/cmd/root.go:124.41,126.3 1 0
mysql_tablespace_recycling/cmd/root.go:130.16,131.42 1 0
mysql_tablespace_recycling/cmd/root.go:131.42,134.3 2 0
mysql_tablespace_recycling/cmd/root.go:146.52,148.16 2 0
mysql_tablespace_recycling/cmd/root.go:148.16,150.3 1 0
mysql_tablespace_recycling/cmd/root.go:152.2,153.16 2 0
mysql_tablespace_recycling/cmd/root.go:153.16,155.3 1 0
mysql_tablespace_recycling/cmd/root.go:157.2,158.16 2 0
mysql_tablespace_recycling/cmd/root.go:158.16,160.3 1 0
mysql_tablespace_recycling/cmd/root.go:162.2,163.16 2 0
mysql_tablespace_recycling/cmd/root.go:163.16,165.3 1 0
mysql_tablespace_recycling/cmd/root.go:167.2,172.8 1 0
mysql_tablespace_recycling/cmd/root.go:176.46,178.16 2 0
mysql_tablespace_recycling/cmd/root.go:178.16,180.3 1 0
mysql_tablespace_recycling/cmd/root.go:182.2,189.8 1 0
mysql_tablespace_recycling/cmd/root.go:202.49,202.66 1 0
mysql_tablespace_recycling/cmd/root.go:203.49,203.66 1 0
mysql_tablespace_recycling/cmd/root.go:204.49,204.70 1 0
mysql_tablespace_recycling/cmd/root.go:205.49,205.70 1 0
mysql_tablespace_recycling/cmd/root.go:206.49,206.70 1 0
mysql_tablespace_recycling/cmd/root.go:207.49,207.69 1 0
mysql_tablespace_recycling/cmd/root.go:208.49,208.96 1 0
mysql_tablespace_recycling/cmd/root.go:209.48,209.105 1 0
mysql_tablespace_recycling/cmd/root.go:212.64,221.2 1 0
mysql_tablespace_recycling/cmd/root.go:226.114,237.2 2 0
mysql_tablespace_recycling/cmd/root.go:240.40,244.2 3 0
mysql_tablespace_recycling/cmd/root.go:247.38,248.18 1 0
mysql_tablespace_recycling/cmd/root.go:248.18,250.3 1 0
mysql_tablespace_recycling/cmd/root.go:250.8,250.30 1 0
mysql_tablespace_recycling/cmd/root.go:250.30,252.3 1 0
mysql_tablespace_recycling/cmd/root.go:252.8,252.35 1 0
mysql_tablespace_recycling/cmd/root.go:252.35,254.3 1 0
mysql_tablespace_recycling/cmd/root.go:254.8,256.3 1 0
mysql_tablespace_recycling/cmd/root.go:260.45,261.21 1 0
mysql_tablespace_recycling/cmd/root.go:261.21,263.3 1 0
mysql_tablespace_recycling/cmd/root.go:263.8,263.26 1 0
mysql_tablespace_recycling/cmd/root.go:263.26,265.3 1 0
mysql_tablespace_recycling/cmd/root.go:265.8,267.3 1 0
mysql_tablespace_recycling/cmd/status.go:51.13,60.2 6 0
mysql_tablespace_recycling/cmd/status.go:62.57,72.72 4 0
mysql_tablespace_recycling/cmd/status.go:72.72,73.66 1 0
mysql_tablespace_recycling/cmd/status.go:73.66,75.4 1 0
mysql_tablespace_recycling/cmd/status.go:79.2,79.17 1 0
mysql_tablespace_recycling/cmd/status.go:79.17,81.3 1 0
mysql_tablespace_recycling/cmd/status.go:84.2,84.24 1 0
mysql_tablespace_recycling/cmd/status.go:84.24,86.3 1 0
mysql_tablespace_recycling/cmd/status.go:89.2,89.19 1 0
mysql_tablespace_recycling/cmd/status.go:89.19,91.3 1 0
mysql_tablespace_recycling/cmd/status.go:94.2,94.49 1 0
mysql_tablespace_recycling/cmd/status.go:98.69,101.16 2 0
mysql_tablespace_recycling/cmd/status.go:101.16,103.3 1 0
mysql_tablespace_recycling/cmd/status.go:106.2,108.28 2 0
mysql_tablespace_recycling/cmd/status.go:108.28,115.3 2 0
mysql_tablespace_recycling/cmd/status.go:118.2,133.35 13 0
mysql_tablespace_recycling/cmd/status.go:133.35,135.3 1 0
mysql_tablespace_recycling/cmd/status.go:137.2,137.37 1 0
mysql_tablespace_recycling/cmd/status.go:137.37,139.3 1 0
mysql_tablespace_recycling/cmd/status.go:140.2,143.27 2 0
mysql_tablespace_recycling/cmd/status.go:143.27,146.3 2 0
mysql_tablespace_recycling/cmd/status.go:148.2,151.35 3 0
mysql_tablespace_recycling/cmd/status.go:151.35,154.3 2 0
mysql_tablespace_recycling/cmd/status.go:156.2,156.12 1 0
mysql_tablespace_recycling/cmd/status.go:160.75,162.16 2 0
mysql_tablespace_recycling/cmd/status.go:162.16,164.3 1 0
mysql_tablespace_recycling/cmd/status.go:166.2,166.28 1 0
mysql_tablespace_recycling/cmd/status.go:166.28,168.3 1 0
mysql_tablespace_recycling/cmd/status.go:171.2,178.33 7 0
mysql_tablespace_recycling/cmd/status.go:178.33,180.3 1 0
mysql_tablespace_recycling/cmd/status.go:181.2,184.33 3 0
mysql_tablespace_recycling/cmd/status.go:184.33,186.3 1 0
mysql_tablespace_recycling/cmd/status.go:188.2,188.35 1 0
mysql_tablespace_recycling/cmd/status.go:188.35,192.3 3 0
mysql_tablespace_recycling/cmd/status.go:194.2,198.32 3 0
mysql_tablespace_recycling/cmd/status.go:198.32,207.34 6 0
mysql_tablespace_recycling/cmd/status.go:207.34,209.4 1 0
mysql_tablespace_recycling/cmd/status.go:211.3,214.38 3 0
mysql_tablespace_recycling/cmd/status.go:214.38,216.4 1 0
mysql_tablespace_recycling/cmd/status.go:218.3,218.30 1 0
mysql_tablespace_recycling/cmd/status.go:218.30,220.4 1 0
mysql_tablespace_recycling/cmd/status.go:221.3,221.16 1 0
mysql_tablespace_recycling/cmd/status.go:225.2,225.30 1 0
mysql_tablespace_recycling/cmd/status.go:225.30,235.29 8 0
mysql_tablespace_recycling/cmd/status.go:235.29,237.38 2 0
mysql_tablespace_recycling/cmd/status.go:237.38,239.5 1 0
mysql_tablespace_recycling/cmd/status.go:242.3,242.31 1 0
mysql_tablespace_recycling/cmd/status.go:242.31,244.44 2 0
mysql_tablespace_recycling/cmd/status.go:244.44,246.5 1 0
mysql_tablespace_recycling/cmd/status.go:251.2,251.35 1 0
mysql_tablespace_recycling/cmd/status.go:251.35,253.3 1 0
mysql_tablespace_recycling/cmd/status.go:256.2,256.34 1 0
mysql_tablespace_recycling/cmd/status.go:256.34,258.47 2 0
mysql_tablespace_recycling/cmd/status.go:258.47,260.4 1 0
mysql_tablespace_recycling/cmd/status.go:263.2,263.12 1 0
mysql_tablespace_recycling/cmd/status.go:267.61,269.16 2 0
mysql_tablespace_recycling/cmd/status.go:269.16,271.3 1 0
mysql_tablespace_recycling/cmd/status.go:273.2,273.28 1 0
mysql_tablespace_recycling/cmd/status.go:273.28,275.3 1 0
mysql_tablespace_recycling/cmd/status.go:277.2,277.23 1 0
mysql_tablespace_recycling/cmd/status.go:277.23,280.3 2 0
mysql_tablespace_recycling/cmd/status.go:282.2,289.31 6 0
mysql_tablespace_recycling/cmd/status.go:289.31,291.28 2 0
mysql_tablespace_recycling/cmd/status.go:291.28,293.4 1 0
mysql_tablespace_recycling/cmd/status.go:295.3,297.30 3 0
mysql_tablespace_recycling/cmd/status.go:297.30,299.29 2 0
mysql_tablespace_recycling/cmd/status.go:299.29,301.5 1 0
mysql_tablespace_recycling/cmd/status.go:304.3,305.25 2 0
mysql_tablespace_recycling/cmd/status.go:305.25,307.4 1 0
mysql_tablespace_recycling/cmd/status.go:310.3,311.23 2 0
mysql_tablespace_recycling/cmd/status.go:311.23,313.4 1 0
mysql_tablespace_recycling/cmd/status.go:315.3,323.4 1 0
mysql_tablespace_recycling/cmd/status.go:325.2,327.12 2 0
mysql_tablespace_recycling/cmd/status.go:331.58,334.6 2 0
mysql_tablespace_recycling/cmd/status.go:334.6,336.73 1 0
mysql_tablespace_recycling/cmd/status.go:336.73,337.67 1 0
mysql_tablespace_recycling/cmd/status.go:337.67,339.5 1 0
mysql_tablespace_recycling/cmd/status.go:343.3,352.17 6 0
mysql_tablespace_recycling/cmd/status.go:352.17,354.4 1 0
mysql_tablespace_recycling/cmd/status.go:354.9,354.35 1 0
mysql_tablespace_recycling/cmd/status.go:354.35,356.4 1 0
mysql_tablespace_recycling/cmd/status.go:356.9,357.37 1 0
mysql_tablespace_recycling/cmd/status.go:357.37,360.5 2 0
mysql_tablespace_recycling/cmd/status.go:364.3,372.30 3 0
mysql_tablespace_recycling/cmd/status.go:377.49,384.27 5 0
mysql_tablespace_recycling/cmd/status.go:384.27,386.3 1 0
mysql_tablespace_recycling/cmd/status.go:387.2,391.27 4 0
mysql_tablespace_recycling/cmd/status.go:391.27,394.3 2 0
mysql_tablespace_recycling/cmd/status.go:396.2,396.26 1 0
mysql_tablespace_recycling/cmd/status.go:396.26,405.34 4 0
mysql_tablespace_recycling/cmd/status.go:405.34,407.37 2 0
mysql_tablespace_recycling/cmd/status.go:407.37,409.5 1 0
mysql_tablespace_recycling/cmd/status.go:412.3,412.33 1 0
mysql_tablespace_recycling/cmd/status.go:412.33,414.4 1 0
mysql_tablespace_recycling/cmd/status.go:416.3,416.34 1 0
mysql_tablespace_recycling/cmd/status.go:416.34,418.4 1 0
mysql_tablespace_recycling/cmd/status.go:420.3,420.38 1 0
mysql_tablespace_recycling/cmd/status.go:420.38,422.4 1 0
mysql_tablespace_recycling/cmd/status.go:424.3,424.30 1 0
mysql_tablespace_recycling/cmd/status.go:424.30,426.4 1 0
mysql_tablespace_recycling/cmd/status.go:429.3,429.60 1 0
mysql_tablespace_recycling/cmd/status.go:429.60,433.4 3 0
mysql_tablespace_recycling/cmd/status.go:438.50,445.27 5 0
mysql_tablespace_recycling/cmd/status.go:445.27,447.3 1 0
mysql_tablespace_recycling/cmd/status.go:448.2,452.27 3 0
mysql_tablespace_recycling/cmd/status.go:452.27,455.3 2 0
mysql_tablespace_recycling/cmd/status.go:457.2,457.26 1 0
mysql_tablespace_recycling/cmd/status.go:457.26,465.34 6 0
mysql_tablespace_recycling/cmd/status.go:465.34,466.24 1 0
mysql_tablespace_recycling/cmd/status.go:466.24,468.5 1 0
mysql_tablespace_recycling/cmd/status.go:468.10,470.5 1 0
mysql_tablespace_recycling/cmd/status.go:472.3,477.34 3 0
mysql_tablespace_recycling/cmd/status.go:477.34,479.37 2 0
mysql_tablespace_recycling/cmd/status.go:479.37,481.5 1 0
mysql_tablespace_recycling/cmd/status.go:482.4,482.20 1 0
mysql_tablespace_recycling/cmd/status.go:486.3,486.33 1 0
mysql_tablespace_recycling/cmd/status.go:486.33,488.64 2 0
mysql_tablespace_recycling/cmd/status.go:488.64,492.48 3 0
mysql_tablespace_recycling/cmd/status.go:492.48,495.6 2 0
mysql_tablespace_recycling/cmd/status.go:497.4,497.20 1 0
mysql_tablespace_recycling/cmd/status.go:500.3,500.34 1 0
mysql_tablespace_recycling/cmd/status.go:500.34,502.34 2 0
mysql_tablespace_recycling/cmd/status.go:502.34,505.5 2 0
mysql_tablespace_recycling/cmd/status.go:506.4,506.20 1 0
mysql_tablespace_recycling/cmd/status.go:510.3,510.60 1 0
mysql_tablespace_recycling/cmd/status.go:510.60,517.27 5 0
mysql_tablespace_recycling/cmd/status.go:517.27,519.5 1 0
mysql_tablespace_recycling/cmd/status.go:520.4,520.20 1 0
mysql_tablespace_recycling/cmd/status.go:523.3,523.38 1 0
mysql_tablespace_recycling/cmd/status.go:523.38,530.4 4 0
mysql_tablespace_recycling/cmd/status.go:532.3,532.30 1 0
mysql_tablespace_recycling/cmd/status.go:532.30,534.4 1 0
mysql_tablespace_recycling/cmd/status.go:537.3,537.40 1 0
mysql_tablespace_recycling/cmd/status.go:537.40,539.4 1 0
mysql_tablespace_recycling/cmd/status.go:539.9,541.4 1 0
mysql_tablespace_recycling/cmd/status.go:542.8,544.3 1 0
mysql_tablespace_recycling/cmd/status.go:548.58,549.16 1 0
mysql_tablespace_recycling/cmd/status.go:550.30,551.25 1 0
mysql_tablespace_recycling/cmd/status.go:552.30,553.26 1 0
mysql_tablespace_recycling/cmd/status.go:554.32,555.25 1 0
mysql_tablespace_recycling/cmd/status.go:556.29,557.22 1 0
mysql_tablespace_recycling/cmd/status.go:558.32,559.28 1 0
mysql_tablespace_recycling/cmd/status.go:560.29,561.28 1 0
mysql_tablespace_recycling/cmd/status.go:562.10,563.22 1 0
mysql_tablespace_recycling/cmd/topology.go:40.13,44.2 3 0
mysql_tablespace_recycling/cmd/topology.go:46.59,49.16 2 0
mysql_tablespace_recycling/cmd/topology.go:49.16,51.3 1 0
mysql_tablespace_recycling/cmd/topology.go:54.2,66.13 6 0
mysql_tablespace_recycling/cmd/topology.go:66.13,68.3 1 0
mysql_tablespace_recycling/cmd/topology.go:70.2,71.16 2 0
mysql_tablespace_recycling/cmd/topology.go:71.16,73.3 1 0
mysql_tablespace_recycling/cmd/topology.go:76.2,76.24 1 0
mysql_tablespace_recycling/cmd/topology.go:77.14,78.29 1 0
mysql_tablespace_recycling/cmd/topology.go:79.15,80.39 1 0
mysql_tablespace_recycling/cmd/topology.go:81.10,82.69 1 0
mysql_tablespace_recycling/cmd/topology.go:87.67,95.32 6 0
mysql_tablespace_recycling/cmd/topology.go:95.32,101.3 5 0
mysql_tablespace_recycling/cmd/topology.go:104.2,104.34 1 0
mysql_tablespace_recycling/cmd/topology.go:104.34,111.45 6 0
mysql_tablespace_recycling/cmd/topology.go:111.45,113.21 2 0
mysql_tablespace_recycling/cmd/topology.go:113.21,114.13 1 0
mysql_tablespace_recycling/cmd/topology.go:117.4,118.25 2 0
mysql_tablespace_recycling/cmd/topology.go:118.25,120.5 1 0
mysql_tablespace_recycling/cmd/topology.go:122.4,124.33 3 0
mysql_tablespace_recycling/cmd/topology.go:124.33,126.39 2 0
mysql_tablespace_recycling/cmd/topology.go:126.39,128.6 1 0
mysql_tablespace_recycling/cmd/topology.go:128.11,130.6 1 0
mysql_tablespace_recycling/cmd/topology.go:131.5,131.54 1 0
mysql_tablespace_recycling/cmd/topology.go:131.54,133.6 1 0
mysql_tablespace_recycling/cmd/topology.go:136.4,147.5 3 0
mysql_tablespace_recycling/cmd/topology.go:149.3,150.16 2 0
mysql_tablespace_recycling/cmd/topology.go:154.2,154.37 1 0
mysql_tablespace_recycling/cmd/topology.go:154.37,158.3 3 0
mysql_tablespace_recycling/cmd/topology.go:160.2,160.12 1 0
mysql_tablespace_recycling/cmd/topology.go:164.87,166.19 2 0
mysql_tablespace_recycling/cmd/topology.go:166.19,172.3 5 0
mysql_tablespace_recycling/cmd/topology.go:176.99,177.17 1 0
mysql_tablespace_recycling/cmd/topology.go:177.17,179.3 1 0
mysql_tablespace_recycling/cmd/topology.go:181.2,182.29 2 0
mysql_tablespace_recycling/cmd/topology.go:182.29,183.19 1 0
mysql_tablespace_recycling/cmd/topology.go:183.19,185.4 1 0
mysql_tablespace_recycling/cmd/topology.go:185.9,187.4 1 0
mysql_tablespace_recycling/cmd/topology.go:190.2,190.16 1 0
mysql_tablespace_recycling/cmd/topology.go:190.16,192.3 1 0
mysql_tablespace_recycling/cmd/topology.go:192.8,195.49 3 0
mysql_tablespace_recycling/cmd/topology.go:195.49,196.38 1 0
mysql_tablespace_recycling/cmd/topology.go:196.38,198.5 1 0
mysql_tablespace_recycling/cmd/topology.go:198.10,200.5 1 0
mysql_tablespace_recycling/cmd/topology.go:201.4,201.65 1 0
mysql_tablespace_recycling/cmd/topology.go:201.65,203.5 1 0
mysql_tablespace_recycling/cmd/topology.go:205.3,205.61 1 0
mysql_tablespace_recycling/cmd/topology.go:209.2,210.45 2 0
mysql_tablespace_recycling/cmd/topology.go:210.45,212.3 1 0
mysql_tablespace_recycling/cmd/utils.go:9.50,10.19 1 0
mysql_tablespace_recycling/cmd/utils.go:10.19,12.3 1 0
mysql_tablespace_recycling/cmd/utils.go:14.2,19.37 4 0
mysql_tablespace_recycling/cmd/utils.go:19.37,22.3 2 0
mysql_tablespace_recycling/cmd/utils.go:22.8,22.45 1 0
mysql_tablespace_recycling/cmd/utils.go:22.45,25.3 2 0
mysql_tablespace_recycling/cmd/utils.go:25.8,25.45 1 0
mysql_tablespace_recycling/cmd/utils.go:25.45,28.3 2 0
mysql_tablespace_recycling/cmd/utils.go:28.8,28.45 1 0
mysql_tablespace_recycling/cmd/utils.go:28.45,31.3 2 0
mysql_tablespace_recycling/cmd/utils.go:31.8,31.45 1 0
mysql_tablespace_recycling/cmd/utils.go:31.45,34.3 2 0
mysql_tablespace_recycling/cmd/utils.go:34.8,36.3 1 0
mysql_tablespace_recycling/cmd/utils.go:38.2,40.16 3 0
mysql_tablespace_recycling/cmd/utils.go:40.16,42.3 1 0
mysql_tablespace_recycling/cmd/utils.go:44.2,44.47 1 0
mysql_tablespace_recycling/cmd/validate.go:47.13,50.2 2 0
mysql_tablespace_recycling/cmd/validate.go:52.59,55.16 2 0
mysql_tablespace_recycling/cmd/validate.go:55.16,57.3 1 0
mysql_tablespace_recycling/cmd/validate.go:60.2,73.13 7 0
mysql_tablespace_recycling/cmd/validate.go:73.13,75.3 1 0
mysql_tablespace_recycling/cmd/validate.go:77.2,79.16 3 0
mysql_tablespace_recycling/cmd/validate.go:79.16,81.3 1 0
mysql_tablespace_recycling/cmd/validate.go:84.2,84.24 1 0
mysql_tablespace_recycling/cmd/validate.go:85.14,86.27 1 0
mysql_tablespace_recycling/cmd/validate.go:87.15,88.51 1 0
mysql_tablespace_recycling/cmd/validate.go:89.10,90.69 1 0
mysql_tablespace_recycling/cmd/validate.go:95.98,107.21 9 0
mysql_tablespace_recycling/cmd/validate.go:107.21,109.3 1 0
mysql_tablespace_recycling/cmd/validate.go:110.2,114.21 4 0
mysql_tablespace_recycling/cmd/validate.go:114.21,116.3 1 0
mysql_tablespace_recycling/cmd/validate.go:117.2,123.50 5 0
mysql_tablespace_recycling/cmd/validate.go:123.50,125.3 1 0
mysql_tablespace_recycling/cmd/validate.go:126.2,129.34 2 0
mysql_tablespace_recycling/cmd/validate.go:129.34,138.38 7 0
mysql_tablespace_recycling/cmd/validate.go:138.38,140.4 1 0
mysql_tablespace_recycling/cmd/validate.go:141.3,143.42 2 0
mysql_tablespace_recycling/cmd/validate.go:143.42,145.4 1 0
mysql_tablespace_recycling/cmd/validate.go:147.3,150.35 3 0
mysql_tablespace_recycling/cmd/validate.go:150.35,152.4 1 0
mysql_tablespace_recycling/cmd/validate.go:153.3,155.47 2 0
mysql_tablespace_recycling/cmd/validate.go:155.47,157.4 1 0
mysql_tablespace_recycling/cmd/validate.go:159.3,159.43 1 0
mysql_tablespace_recycling/cmd/validate.go:159.43,161.4 1 0
mysql_tablespace_recycling/cmd/validate.go:161.9,163.4 1 0
mysql_tablespace_recycling/cmd/validate.go:165.3,165.43 1 0
mysql_tablespace_recycling/cmd/validate.go:165.43,167.4 1 0
mysql_tablespace_recycling/cmd/validate.go:169.3,170.16 2 0
mysql_tablespace_recycling/cmd/validate.go:174.2,174.29 1 0
mysql_tablespace_recycling/cmd/validate.go:174.29,177.41 3 0
mysql_tablespace_recycling/cmd/validate.go:177.41,179.4 1 0
mysql_tablespace_recycling/cmd/validate.go:180.3,180.16 1 0
mysql_tablespace_recycling/cmd/validate.go:184.2,184.37 1 0
mysql_tablespace_recycling/cmd/validate.go:184.37,192.3 7 0
mysql_tablespace_recycling/cmd/validate.go:195.2,195.30 1 0
mysql_tablespace_recycling/cmd/validate.go:195.30,198.43 3 0
mysql_tablespace_recycling/cmd/validate.go:198.43,200.4 1 0
mysql_tablespace_recycling/cmd/validate.go:201.3,201.16 1 0
mysql_tablespace_recycling/cmd/validate.go:205.2,207.21 3 0
mysql_tablespace_recycling/cmd/validate.go:207.21,212.3 4 0
mysql_tablespace_recycling/cmd/validate.go:212.8,217.96 4 0
mysql_tablespace_recycling/cmd/validate.go:217.96,219.4 1 0
mysql_tablespace_recycling/cmd/validate.go:222.2,222.12 1 0
mysql_tablespace_recycling/cmd/validate.go:226.75,227.20 1 0
mysql_tablespace_recycling/cmd/validate.go:228.30,229.24 1 0
mysql_tablespace_recycling/cmd/validate.go:230.32,231.27 1 0
mysql_tablespace_recycling/cmd/validate.go:232.29,233.27 1 0
mysql_tablespace_recycling/cmd/validate.go:234.30,235.30 1 0
mysql_tablespace_recycling/cmd/validate.go:236.10,237.28 1 0
mysql_tablespace_recycling/cmd/validate.go:242.63,243.16 1 0
mysql_tablespace_recycling/cmd/validate.go:244.34,245.33 1 0
mysql_tablespace_recycling/cmd/validate.go:246.37,247.30 1 0
mysql_tablespace_recycling/cmd/validate.go:248.36,249.29 1 0
mysql_tablespace_recycling/cmd/validate.go:250.37,251.27 1 0
mysql_tablespace_recycling/cmd/validate.go:252.37,253.30 1 0
mysql_tablespace_recycling/cmd/validate.go:254.10,255.24 1 0
mysql_tablespace_recycling/cmd/validate.go:260.51,261.14 1 0
mysql_tablespace_recycling/cmd/validate.go:261.14,263.3 1 0
mysql_tablespace_recycling/cmd/validate.go:263.8,265.3 1 0
mysql_tablespace_recycling/pkg/database/connection.go:25.36,27.2 1 0
mysql_tablespace_recycling/pkg/database/connection.go:30.33,33.2 1 0
mysql_tablespace_recycling/pkg/database/connection.go:44.109,46.16 2 0
mysql_tablespace_recycling/pkg/database/connection.go:46.16,48.3 1 0
mysql_tablespace_recycling/pkg/database/connection.go:51.2,59.44 6 0
mysql_tablespace_recycling/pkg/database/connection.go:59.44,62.3 2 0
mysql_tablespace_recycling/pkg/database/connection.go:64.2,74.18 3 0
mysql_tablespace_recycling/pkg/database/connection.go:78.36,79.17 1 0
mysql_tablespace_recycling/pkg/database/connection.go:79.17,83.3 2 0
mysql_tablespace_recycling/pkg/database/connection.go:84.2,84.12 1 0
mysql_tablespace_recycling/pkg/database/connection.go:88.38,90.2 1 0
mysql_tablespace_recycling/pkg/database/connection.go:93.46,95.2 1 0
mysql_tablespace_recycling/pkg/database/connection.go:98.110,100.15 2 0
mysql_tablespace_recycling/pkg/database/connection.go:100.15,105.3 1 0
mysql_tablespace_recycling/pkg/database/connection.go:107.2,110.52 3 0
mysql_tablespace_recycling/pkg/database/connection.go:114.103,116.15 2 0
mysql_tablespace_recycling/pkg/database/connection.go:116.15,121.3 1 0
mysql_tablespace_recycling/pkg/database/connection.go:123.2,126.55 3 0
mysql_tablespace_recycling/pkg/database/connection.go:130.110,132.15 2 0
mysql_tablespace_recycling/pkg/database/connection.go:132.15,137.3 1 0
mysql_tablespace_recycling/pkg/database/connection.go:139.2,142.50 3 0
mysql_tablespace_recycling/pkg/database/connection.go:155.100,171.16 3 0
mysql_tablespace_recycling/pkg/database/connection.go:171.16,173.3 1 0
mysql_tablespace_recycling/pkg/database/connection.go:174.2,177.18 3 0
mysql_tablespace_recycling/pkg/database/connection.go:177.18,180.17 3 0
mysql_tablespace_recycling/pkg/database/connection.go:180.17,182.4 1 0
mysql_tablespace_recycling/pkg/database/connection.go:183.3,183.33 1 0
mysql_tablespace_recycling/pkg/database/connection.go:186.2,186.35 1 0
mysql_tablespace_recycling/pkg/database/connection.go:186.35,188.3 1 0
mysql_tablespace_recycling/pkg/database/connection.go:190.2,190.20 1 0
mysql_tablespace_recycling/pkg/database/connection.go:194.68,199.16 4 0
mysql_tablespace_recycling/pkg/database/connection.go:199.16,201.3 1 0
mysql_tablespace_recycling/pkg/database/connection.go:203.2,203.49 1 0
mysql_tablespace_recycling/pkg/database/connection.go:207.91,211.16 3 0
mysql_tablespace_recycling/pkg/database/connection.go:211.16,213.3 1 0
mysql_tablespace_recycling/pkg/database/connection.go:214.2,217.16 3 0
mysql_tablespace_recycling/pkg/database/connection.go:217.16,219.3 1 0
mysql_tablespace_recycling/pkg/database/connection.go:221.2,222.18 2 0
mysql_tablespace_recycling/pkg/database/connection.go:222.18,225.25 3 0
mysql_tablespace_recycling/pkg/database/connection.go:225.25,227.4 1 0
mysql_tablespace_recycling/pkg/database/connection.go:229.3,229.49 1 0
mysql_tablespace_recycling/pkg/database/connection.go:229.49,231.4 1 0
mysql_tablespace_recycling/pkg/database/connection.go:233.3,234.31 2 0
mysql_tablespace_recycling/pkg/database/connection.go:234.31,236.4 1 0
mysql_tablespace_recycling/pkg/database/connection.go:237.3,237.33 1 0
mysql_tablespace_recycling/pkg/database/connection.go:240.2,240.20 1 0
mysql_tablespace_recycling/pkg/database/connection.go:244.90,248.16 3 0
mysql_tablespace_recycling/pkg/database/connection.go:248.16,250.3 1 0
mysql_tablespace_recycling/pkg/database/connection.go:251.2,253.18 2 0
mysql_tablespace_recycling/pkg/database/connection.go:253.18,255.3 1 0
mysql_tablespace_recycling/pkg/database/connection.go:257.2,258.16 2 0
mysql_tablespace_recycling/pkg/database/connection.go:258.16,260.3 1 0
mysql_tablespace_recycling/pkg/database/connection.go:262.2,264.24 3 0
mysql_tablespace_recycling/pkg/database/connection.go:264.24,266.3 1 0
mysql_tablespace_recycling/pkg/database/connection.go:268.2,268.48 1 0
mysql_tablespace_recycling/pkg/database/connection.go:268.48,270.3 1 0
mysql_tablespace_recycling/pkg/database/connection.go:272.2,273.30 2 0
mysql_tablespace_recycling/pkg/database/connection.go:273.30,275.3 1 0
mysql_tablespace_recycling/pkg/database/connection.go:277.2,277.20 1 0
mysql_tablespace_recycling/pkg/database/connection.go:25.36,27.2 1 0
mysql_tablespace_recycling/pkg/database/connection.go:30.33,33.2 1 0
mysql_tablespace_recycling/pkg/database/connection.go:44.109,46.16 2 0
mysql_tablespace_recycling/pkg/database/connection.go:46.16,48.3 1 0
mysql_tablespace_recycling/pkg/database/connection.go:51.2,59.44 6 0
mysql_tablespace_recycling/pkg/database/connection.go:59.44,62.3 2 0
mysql_tablespace_recycling/pkg/database/connection.go:64.2,74.18 3 0
mysql_tablespace_recycling/pkg/database/connection.go:78.36,79.17 1 0
mysql_tablespace_recycling/pkg/database/connection.go:79.17,83.3 2 0
mysql_tablespace_recycling/pkg/database/connection.go:84.2,84.12 1 0
mysql_tablespace_recycling/pkg/database/connection.go:88.38,90.2 1 0
mysql_tablespace_recycling/pkg/database/connection.go:93.46,95.2 1 0
mysql_tablespace_recycling/pkg/database/connection.go:98.110,100.15 2 0
mysql_tablespace_recycling/pkg/database/connection.go:100.15,105.3 1 0
mysql_tablespace_recycling/pkg/database/connection.go:107.2,110.52 3 0
mysql_tablespace_recycling/pkg/database/connection.go:114.103,116.15 2 0
mysql_tablespace_recycling/pkg/database/connection.go:116.15,121.3 1 0
mysql_tablespace_recycling/pkg/database/connection.go:123.2,126.55 3 0
mysql_tablespace_recycling/pkg/database/connection.go:130.110,132.15 2 0
mysql_tablespace_recycling/pkg/database/connection.go:132.15,137.3 1 0
mysql_tablespace_recycling/pkg/database/connection.go:139.2,142.50 3 0
mysql_tablespace_recycling/pkg/database/connection.go:155.100,171.16 3 0
mysql_tablespace_recycling/pkg/database/connection.go:171.16,173.3 1 0
mysql_tablespace_recycling/pkg/database/connection.go:174.2,177.18 3 0
mysql_tablespace_recycling/pkg/database/connection.go:177.18,180.17 3 0
mysql_tablespace_recycling/pkg/database/connection.go:180.17,182.4 1 0
mysql_tablespace_recycling/pkg/database/connection.go:183.3,183.33 1 0
mysql_tablespace_recycling/pkg/database/connection.go:186.2,186.35 1 0
mysql_tablespace_recycling/pkg/database/connection.go:186.35,188.3 1 0
mysql_tablespace_recycling/pkg/database/connection.go:190.2,190.20 1 0
mysql_tablespace_recycling/pkg/database/connection.go:194.68,199.16 4 0
mysql_tablespace_recycling/pkg/database/connection.go:199.16,201.3 1 0
mysql_tablespace_recycling/pkg/database/connection.go:203.2,203.49 1 0
mysql_tablespace_recycling/pkg/database/connection.go:207.91,211.16 3 0
mysql_tablespace_recycling/pkg/database/connection.go:211.16,213.3 1 0
mysql_tablespace_recycling/pkg/database/connection.go:214.2,217.16 3 0
mysql_tablespace_recycling/pkg/database/connection.go:217.16,219.3 1 0
mysql_tablespace_recycling/pkg/database/connection.go:221.2,222.18 2 0
mysql_tablespace_recycling/pkg/database/connection.go:222.18,225.25 3 0
mysql_tablespace_recycling/pkg/database/connection.go:225.25,227.4 1 0
mysql_tablespace_recycling/pkg/database/connection.go:229.3,229.49 1 0
mysql_tablespace_recycling/pkg/database/connection.go:229.49,231.4 1 0
mysql_tablespace_recycling/pkg/database/connection.go:233.3,234.31 2 0
mysql_tablespace_recycling/pkg/database/connection.go:234.31,236.4 1 0
mysql_tablespace_recycling/pkg/database/connection.go:237.3,237.33 1 0
mysql_tablespace_recycling/pkg/database/connection.go:240.2,240.20 1 0
mysql_tablespace_recycling/pkg/database/connection.go:244.90,248.16 3 0
mysql_tablespace_recycling/pkg/database/connection.go:248.16,250.3 1 0
mysql_tablespace_recycling/pkg/database/connection.go:251.2,253.18 2 0
mysql_tablespace_recycling/pkg/database/connection.go:253.18,255.3 1 0
mysql_tablespace_recycling/pkg/database/connection.go:257.2,258.16 2 0
mysql_tablespace_recycling/pkg/database/connection.go:258.16,260.3 1 0
mysql_tablespace_recycling/pkg/database/connection.go:262.2,264.24 3 0
mysql_tablespace_recycling/pkg/database/connection.go:264.24,266.3 1 0
mysql_tablespace_recycling/pkg/database/connection.go:268.2,268.48 1 0
mysql_tablespace_recycling/pkg/database/connection.go:268.48,270.3 1 0
mysql_tablespace_recycling/pkg/database/connection.go:272.2,273.30 2 0
mysql_tablespace_recycling/pkg/database/connection.go:273.30,275.3 1 0
mysql_tablespace_recycling/pkg/database/connection.go:277.2,277.20 1 0
mysql_tablespace_recycling/recycler/analyzer.go:29.90,33.2 1 0
mysql_tablespace_recycling/recycler/analyzer.go:36.183,37.20 1 0
mysql_tablespace_recycling/recycler/analyzer.go:37.20,39.3 1 0
mysql_tablespace_recycling/recycler/analyzer.go:41.2,42.16 2 0
mysql_tablespace_recycling/recycler/analyzer.go:42.16,44.3 1 0
mysql_tablespace_recycling/recycler/analyzer.go:45.2,59.16 5 0
mysql_tablespace_recycling/recycler/analyzer.go:59.16,61.3 1 0
mysql_tablespace_recycling/recycler/analyzer.go:62.2,68.18 4 0
mysql_tablespace_recycling/recycler/analyzer.go:68.18,70.17 2 0
mysql_tablespace_recycling/recycler/analyzer.go:70.17,72.4 1 0
mysql_tablespace_recycling/recycler/analyzer.go:75.3,79.34 3 0
mysql_tablespace_recycling/recycler/analyzer.go:79.34,81.4 1 0
mysql_tablespace_recycling/recycler/analyzer.go:84.3,86.45 3 0
mysql_tablespace_recycling/recycler/analyzer.go:89.2,89.34 1 0
mysql_tablespace_recycling/recycler/analyzer.go:89.34,91.3 1 0
mysql_tablespace_recycling/recycler/analyzer.go:94.2,97.64 2 0
mysql_tablespace_recycling/recycler/analyzer.go:97.64,99.3 1 0
mysql_tablespace_recycling/recycler/analyzer.go:102.2,106.31 4 0
mysql_tablespace_recycling/recycler/analyzer.go:106.31,110.3 3 0
mysql_tablespace_recycling/recycler/analyzer.go:112.2,114.20 2 0
mysql_tablespace_recycling/recycler/analyzer.go:118.170,120.16 2 0
mysql_tablespace_recycling/recycler/analyzer.go:120.16,122.3 1 0
mysql_tablespace_recycling/recycler/analyzer.go:123.2,136.16 4 0
mysql_tablespace_recycling/recycler/analyzer.go:136.16,138.3 1 0
mysql_tablespace_recycling/recycler/analyzer.go:139.2,141.18 2 0
mysql_tablespace_recycling/recycler/analyzer.go:141.18,143.3 1 0
mysql_tablespace_recycling/recycler/analyzer.go:145.2,146.16 2 0
mysql_tablespace_recycling/recycler/analyzer.go:146.16,148.3 1 0
mysql_tablespace_recycling/recycler/analyzer.go:150.2,151.19 2 0
mysql_tablespace_recycling/recycler/analyzer.go:155.201,156.20 1 0
mysql_tablespace_recycling/recycler/analyzer.go:156.20,158.3 1 0
mysql_tablespace_recycling/recycler/analyzer.go:161.2,166.16 5 0
mysql_tablespace_recycling/recycler/analyzer.go:166.16,168.3 1 0
mysql_tablespace_recycling/recycler/analyzer.go:170.2,170.37 1 0
mysql_tablespace_recycling/recycler/analyzer.go:174.123,183.23 3 1
mysql_tablespace_recycling/recycler/analyzer.go:183.23,185.3 1 1
mysql_tablespace_recycling/recycler/analyzer.go:185.8,185.31 1 1
mysql_tablespace_recycling/recycler/analyzer.go:185.31,187.3 1 0
mysql_tablespace_recycling/recycler/analyzer.go:187.8,189.3 1 1
mysql_tablespace_recycling/recycler/analyzer.go:192.2,197.49 4 1
mysql_tablespace_recycling/recycler/analyzer.go:197.49,200.3 2 1
mysql_tablespace_recycling/recycler/analyzer.go:200.8,200.55 1 1
mysql_tablespace_recycling/recycler/analyzer.go:200.55,203.3 2 0
mysql_tablespace_recycling/recycler/analyzer.go:203.8,205.3 1 1
mysql_tablespace_recycling/recycler/analyzer.go:208.2,208.39 1 1
mysql_tablespace_recycling/recycler/analyzer.go:208.39,210.3 1 1
mysql_tablespace_recycling/recycler/analyzer.go:212.2,212.44 1 1
mysql_tablespace_recycling/recycler/analyzer.go:212.44,214.3 1 1
mysql_tablespace_recycling/recycler/analyzer.go:217.2,217.60 1 1
mysql_tablespace_recycling/recycler/analyzer.go:217.60,219.3 1 0
mysql_tablespace_recycling/recycler/analyzer.go:219.8,219.34 1 1
mysql_tablespace_recycling/recycler/analyzer.go:219.34,221.3 1 1
mysql_tablespace_recycling/recycler/analyzer.go:221.8,223.3 1 0
mysql_tablespace_recycling/recycler/analyzer.go:225.2,225.21 1 1
mysql_tablespace_recycling/recycler/analyzer.go:229.127,244.37 4 0
mysql_tablespace_recycling/recycler/analyzer.go:244.37,248.49 4 0
mysql_tablespace_recycling/recycler/analyzer.go:248.49,250.4 1 0
mysql_tablespace_recycling/recycler/analyzer.go:254.2,254.37 1 0
mysql_tablespace_recycling/recycler/analyzer.go:254.37,258.49 4 0
mysql_tablespace_recycling/recycler/analyzer.go:258.49,260.4 1 0
mysql_tablespace_recycling/recycler/analyzer.go:264.2,264.39 1 0
mysql_tablespace_recycling/recycler/analyzer.go:264.39,268.51 4 0
mysql_tablespace_recycling/recycler/analyzer.go:268.51,270.4 1 0
mysql_tablespace_recycling/recycler/analyzer.go:274.2,274.30 1 0
mysql_tablespace_recycling/recycler/analyzer.go:274.30,277.3 2 0
mysql_tablespace_recycling/recycler/analyzer.go:279.2,279.30 1 0
mysql_tablespace_recycling/recycler/analyzer.go:279.30,282.3 2 0
mysql_tablespace_recycling/recycler/analyzer.go:285.2,285.25 1 0
mysql_tablespace_recycling/recycler/analyzer.go:285.25,287.3 1 0
mysql_tablespace_recycling/recycler/analyzer.go:290.2,291.26 2 0
mysql_tablespace_recycling/recycler/analyzer.go:291.26,292.25 1 0
mysql_tablespace_recycling/recycler/analyzer.go:293.24,294.25 1 0
mysql_tablespace_recycling/recycler/analyzer.go:295.25,296.67 1 0
mysql_tablespace_recycling/recycler/analyzer.go:297.21,298.42 1 0
mysql_tablespace_recycling/recycler/analyzer.go:299.21,300.40 1 0
mysql_tablespace_recycling/recycler/analyzer.go:301.11,302.25 1 0
mysql_tablespace_recycling/recycler/analyzer.go:305.3,305.33 1 0
mysql_tablespace_recycling/recycler/analyzer.go:305.33,307.4 1 0
mysql_tablespace_recycling/recycler/analyzer.go:307.9,309.4 1 0
mysql_tablespace_recycling/recycler/analyzer.go:311.2,313.20 2 0
mysql_tablespace_recycling/recycler/analyzer.go:317.108,332.16 8 0
mysql_tablespace_recycling/recycler/analyzer.go:332.16,334.3 1 0
mysql_tablespace_recycling/recycler/analyzer.go:337.2,337.25 1 0
mysql_tablespace_recycling/recycler/analyzer.go:337.25,339.3 1 0
mysql_tablespace_recycling/recycler/analyzer.go:340.2,340.22 1 0
mysql_tablespace_recycling/recycler/analyzer.go:340.22,342.3 1 0
mysql_tablespace_recycling/recycler/analyzer.go:343.2,343.22 1 0
mysql_tablespace_recycling/recycler/analyzer.go:343.22,345.3 1 0
mysql_tablespace_recycling/recycler/analyzer.go:346.2,346.21 1 0
mysql_tablespace_recycling/recycler/analyzer.go:346.21,348.3 1 0
mysql_tablespace_recycling/recycler/analyzer.go:349.2,349.20 1 0
mysql_tablespace_recycling/recycler/analyzer.go:349.20,351.3 1 0
mysql_tablespace_recycling/recycler/analyzer.go:353.2,353.20 1 0
mysql_tablespace_recycling/recycler/analyzer.go:357.130,358.41 1 0
mysql_tablespace_recycling/recycler/analyzer.go:358.41,360.25 2 0
mysql_tablespace_recycling/recycler/analyzer.go:361.25,362.60 1 0
mysql_tablespace_recycling/recycler/analyzer.go:363.21,364.52 1 0
mysql_tablespace_recycling/recycler/analyzer.go:365.21,367.91 1 0
mysql_tablespace_recycling/recycler/analyzer.go:368.11,369.50 1 0
mysql_tablespace_recycling/recycler/analyzer.go:372.3,372.33 1 0
mysql_tablespace_recycling/recycler/analyzer.go:372.33,374.4 1 0
mysql_tablespace_recycling/recycler/analyzer.go:375.3,375.14 1 0
mysql_tablespace_recycling/recycler/analyzer.go:380.102,382.31 2 0
mysql_tablespace_recycling/recycler/analyzer.go:382.31,385.3 1 0
mysql_tablespace_recycling/recycler/analyzer.go:386.2,386.14 1 0
mysql_tablespace_recycling/recycler/analyzer.go:390.115,391.22 1 0
mysql_tablespace_recycling/recycler/analyzer.go:391.22,393.3 1 0
mysql_tablespace_recycling/recycler/analyzer.go:395.2,396.35 2 0
mysql_tablespace_recycling/recycler/analyzer.go:396.35,397.40 1 0
mysql_tablespace_recycling/recycler/analyzer.go:397.40,399.4 1 0
mysql_tablespace_recycling/recycler/analyzer.go:401.2,401.16 1 0
mysql_tablespace_recycling/recycler/analyzer.go:405.112,406.22 1 0
mysql_tablespace_recycling/recycler/analyzer.go:406.22,408.3 1 0
mysql_tablespace_recycling/recycler/analyzer.go:410.2,411.35 2 0
mysql_tablespace_recycling/recycler/analyzer.go:411.35,412.50 1 0
mysql_tablespace_recycling/recycler/analyzer.go:412.50,414.4 1 0
mysql_tablespace_recycling/recycler/analyzer.go:416.2,416.16 1 0
mysql_tablespace_recycling/recycler/analyzer.go:420.102,423.39 2 0
mysql_tablespace_recycling/recycler/analyzer.go:423.39,426.3 2 0
mysql_tablespace_recycling/recycler/analyzer.go:429.2,429.39 1 0
mysql_tablespace_recycling/recycler/analyzer.go:429.39,431.3 1 0
mysql_tablespace_recycling/recycler/analyzer.go:434.2,434.47 1 0
mysql_tablespace_recycling/recycler/analyzer.go:434.47,436.3 1 0
mysql_tablespace_recycling/recycler/analyzer.go:439.2,439.39 1 0
mysql_tablespace_recycling/recycler/analyzer.go:439.39,441.3 1 0
mysql_tablespace_recycling/recycler/analyzer.go:441.8,441.46 1 0
mysql_tablespace_recycling/recycler/analyzer.go:441.46,443.3 1 0
mysql_tablespace_recycling/recycler/analyzer.go:446.2,446.96 1 0
mysql_tablespace_recycling/recycler/analyzer.go:446.96,452.3 1 0
mysql_tablespace_recycling/recycler/analyzer.go:455.2,456.48 2 0
mysql_tablespace_recycling/recycler/analyzer.go:456.48,458.21 2 0
mysql_tablespace_recycling/recycler/analyzer.go:458.21,460.4 1 0
mysql_tablespace_recycling/recycler/analyzer.go:463.2,463.38 1 0
mysql_tablespace_recycling/recycler/analyzer.go:463.38,465.3 1 0
mysql_tablespace_recycling/recycler/analyzer.go:467.2,467.24 1 0
mysql_tablespace_recycling/recycler/executor.go:60.37,61.11 1 0
mysql_tablespace_recycling/recycler/executor.go:62.21,63.19 1 0
mysql_tablespace_recycling/recycler/executor.go:64.21,65.19 1 0
mysql_tablespace_recycling/recycler/executor.go:66.23,67.21 1 0
mysql_tablespace_recycling/recycler/executor.go:68.20,69.18 1 0
mysql_tablespace_recycling/recycler/executor.go:70.23,71.21 1 0
mysql_tablespace_recycling/recycler/executor.go:72.20,73.18 1 0
mysql_tablespace_recycling/recycler/executor.go:74.10,75.19 1 0
mysql_tablespace_recycling/recycler/executor.go:158.22,165.2 1 0
mysql_tablespace_recycling/recycler/executor.go:168.89,172.2 3 0
mysql_tablespace_recycling/recycler/executor.go:175.116,177.59 1 0
mysql_tablespace_recycling/recycler/executor.go:177.59,179.3 1 0
mysql_tablespace_recycling/recycler/executor.go:182.2,187.15 4 0
mysql_tablespace_recycling/recycler/executor.go:187.15,191.3 3 0
mysql_tablespace_recycling/recycler/executor.go:194.2,213.26 6 0
mysql_tablespace_recycling/recycler/executor.go:214.23,216.17 2 0
mysql_tablespace_recycling/recycler/executor.go:216.17,220.4 3 0
mysql_tablespace_recycling/recycler/executor.go:221.23,223.17 2 0
mysql_tablespace_recycling/recycler/executor.go:223.17,227.4 3 0
mysql_tablespace_recycling/recycler/executor.go:228.10,229.75 1 0
mysql_tablespace_recycling/recycler/executor.go:233.2,236.41 3 0
mysql_tablespace_recycling/recycler/executor.go:236.41,237.29 1 0
mysql_tablespace_recycling/recycler/executor.go:237.29,240.4 2 0
mysql_tablespace_recycling/recycler/executor.go:240.9,240.35 1 0
mysql_tablespace_recycling/recycler/executor.go:240.35,242.4 1 0
mysql_tablespace_recycling/recycler/executor.go:242.9,244.4 1 0
mysql_tablespace_recycling/recycler/executor.go:247.2,256.20 7 0
mysql_tablespace_recycling/recycler/executor.go:260.129,262.16 2 0
mysql_tablespace_recycling/recycler/executor.go:262.16,264.3 1 0
mysql_tablespace_recycling/recycler/executor.go:265.2,268.25 2 0
mysql_tablespace_recycling/recycler/executor.go:268.25,270.17 2 0
mysql_tablespace_recycling/recycler/executor.go:270.17,272.4 1 0
mysql_tablespace_recycling/recycler/executor.go:276.2,276.64 1 0
mysql_tablespace_recycling/recycler/executor.go:280.129,282.16 2 0
mysql_tablespace_recycling/recycler/executor.go:282.16,284.3 1 0
mysql_tablespace_recycling/recycler/executor.go:285.2,288.61 2 0
mysql_tablespace_recycling/recycler/executor.go:292.154,294.22 2 0
mysql_tablespace_recycling/recycler/executor.go:294.22,296.3 1 0
mysql_tablespace_recycling/recycler/executor.go:299.2,303.36 4 0
mysql_tablespace_recycling/recycler/executor.go:303.36,304.10 1 0
mysql_tablespace_recycling/recycler/executor.go:305.21,306.20 1 0
mysql_tablespace_recycling/recycler/executor.go:307.26,307.26 0 0
mysql_tablespace_recycling/recycler/executor.go:310.3,311.45 2 0
mysql_tablespace_recycling/recycler/executor.go:311.45,312.17 1 0
mysql_tablespace_recycling/recycler/executor.go:312.17,315.5 2 0
mysql_tablespace_recycling/recycler/executor.go:318.4,330.39 9 0
mysql_tablespace_recycling/recycler/executor.go:330.39,332.5 1 0
mysql_tablespace_recycling/recycler/executor.go:333.4,336.41 2 0
mysql_tablespace_recycling/recycler/executor.go:336.41,340.5 3 0
mysql_tablespace_recycling/recycler/executor.go:341.4,345.32 3 0
mysql_tablespace_recycling/recycler/executor.go:350.2,351.12 2 0
mysql_tablespace_recycling/recycler/executor.go:355.151,356.36 1 0
mysql_tablespace_recycling/recycler/executor.go:356.36,357.10 1 0
mysql_tablespace_recycling/recycler/executor.go:358.21,359.20 1 0
mysql_tablespace_recycling/recycler/executor.go:360.11,360.11 0 0
mysql_tablespace_recycling/recycler/executor.go:364.3,375.38 8 0
mysql_tablespace_recycling/recycler/executor.go:375.38,377.4 1 0
mysql_tablespace_recycling/recycler/executor.go:380.3,380.12 1 0
mysql_tablespace_recycling/recycler/executor.go:380.12,384.4 3 0
mysql_tablespace_recycling/recycler/executor.go:386.3,387.34 2 0
mysql_tablespace_recycling/recycler/executor.go:390.2,390.12 1 0
mysql_tablespace_recycling/recycler/executor.go:394.150,397.16 2 0
mysql_tablespace_recycling/recycler/executor.go:397.16,399.3 1 0
mysql_tablespace_recycling/recycler/executor.go:400.2,402.62 2 0
mysql_tablespace_recycling/recycler/executor.go:406.107,424.2 2 0
mysql_tablespace_recycling/recycler/executor.go:427.168,436.15 3 0
mysql_tablespace_recycling/recycler/executor.go:436.15,438.3 1 0
mysql_tablespace_recycling/recycler/executor.go:441.2,441.84 1 0
mysql_tablespace_recycling/recycler/executor.go:441.84,444.3 2 0
mysql_tablespace_recycling/recycler/executor.go:447.2,447.19 1 0
mysql_tablespace_recycling/recycler/executor.go:447.19,452.3 4 0
mysql_tablespace_recycling/recycler/executor.go:455.2,459.16 3 0
mysql_tablespace_recycling/recycler/executor.go:459.16,462.3 2 0
mysql_tablespace_recycling/recycler/executor.go:465.2,466.16 2 0
mysql_tablespace_recycling/recycler/executor.go:466.16,469.3 2 0
mysql_tablespace_recycling/recycler/executor.go:471.2,475.15 4 0
mysql_tablespace_recycling/recycler/executor.go:479.121,488.40 4 0
mysql_tablespace_recycling/recycler/executor.go:488.40,490.3 1 0
mysql_tablespace_recycling/recycler/executor.go:492.2,492.19 1 0
mysql_tablespace_recycling/recycler/executor.go:492.19,494.3 1 0
mysql_tablespace_recycling/recycler/executor.go:496.2,496.12 1 0
mysql_tablespace_recycling/recycler/executor.go:500.102,501.24 1 0
mysql_tablespace_recycling/recycler/executor.go:501.24,503.3 1 0
mysql_tablespace_recycling/recycler/executor.go:506.2,506.47 1 0
mysql_tablespace_recycling/recycler/executor.go:506.47,507.76 1 0
mysql_tablespace_recycling/recycler/executor.go:507.76,509.4 1 0
mysql_tablespace_recycling/recycler/executor.go:513.2,514.16 2 0
mysql_tablespace_recycling/recycler/executor.go:514.16,516.3 1 0
mysql_tablespace_recycling/recycler/executor.go:517.2,520.54 2 0
mysql_tablespace_recycling/recycler/executor.go:520.54,522.3 1 0
mysql_tablespace_recycling/recycler/executor.go:524.2,524.12 1 0
mysql_tablespace_recycling/recycler/executor.go:528.100,531.16 2 0
mysql_tablespace_recycling/recycler/executor.go:531.16,533.3 1 0
mysql_tablespace_recycling/recycler/executor.go:536.2,536.12 1 0
mysql_tablespace_recycling/recycler/executor.go:540.103,541.29 1 0
mysql_tablespace_recycling/recycler/executor.go:541.29,543.3 1 0
mysql_tablespace_recycling/recycler/executor.go:545.2,557.28 6 0
mysql_tablespace_recycling/recycler/executor.go:557.28,559.3 1 0
mysql_tablespace_recycling/recycler/executor.go:561.2,561.23 1 0
mysql_tablespace_recycling/recycler/executor.go:565.76,570.37 4 0
mysql_tablespace_recycling/recycler/executor.go:570.37,572.3 1 0
mysql_tablespace_recycling/recycler/executor.go:576.79,581.2 3 0
mysql_tablespace_recycling/recycler/executor.go:584.69,589.37 4 0
mysql_tablespace_recycling/recycler/executor.go:589.37,591.3 1 0
mysql_tablespace_recycling/recycler/executor.go:593.2,593.14 1 0
mysql_tablespace_recycling/recycler/types.go:102.63,105.22 2 1
mysql_tablespace_recycling/recycler/types.go:105.22,108.3 2 1
mysql_tablespace_recycling/recycler/types.go:110.2,114.25 3 1
mysql_tablespace_recycling/recycler/types.go:114.25,116.3 1 1
mysql_tablespace_recycling/recycler/types.go:120.88,122.43 1 1
mysql_tablespace_recycling/recycler/types.go:122.43,124.3 1 1
mysql_tablespace_recycling/recycler/types.go:127.2,127.49 1 1
mysql_tablespace_recycling/recycler/types.go:127.49,129.3 1 0
mysql_tablespace_recycling/recycler/types.go:132.2,133.71 1 1
mysql_tablespace_recycling/recycler/types.go:133.71,135.3 1 0
mysql_tablespace_recycling/recycler/types.go:138.2,138.39 1 1
mysql_tablespace_recycling/recycler/types.go:138.39,140.51 2 1
mysql_tablespace_recycling/recycler/types.go:140.51,141.27 1 1
mysql_tablespace_recycling/recycler/types.go:141.27,143.10 2 1
mysql_tablespace_recycling/recycler/types.go:146.3,146.17 1 1
mysql_tablespace_recycling/recycler/types.go:146.17,148.4 1 1
mysql_tablespace_recycling/recycler/types.go:151.2,151.13 1 1
mysql_tablespace_recycling/recycler/types.go:155.65,156.29 1 1
mysql_tablespace_recycling/recycler/types.go:156.29,158.3 1 1
mysql_tablespace_recycling/recycler/types.go:158.8,158.37 1 1
mysql_tablespace_recycling/recycler/types.go:158.37,160.3 1 1
mysql_tablespace_recycling/recycler/types.go:160.8,160.37 1 1
mysql_tablespace_recycling/recycler/types.go:160.37,162.3 1 1
mysql_tablespace_recycling/recycler/types.go:163.2,163.18 1 1
mysql_tablespace_recycling/recycler/types.go:167.47,172.2 1 1
mysql_tablespace_recycling/recycler/types.go:175.38,176.18 1 1
mysql_tablespace_recycling/recycler/types.go:176.18,178.3 1 1
mysql_tablespace_recycling/recycler/types.go:178.8,178.30 1 1
mysql_tablespace_recycling/recycler/types.go:178.30,180.3 1 1
mysql_tablespace_recycling/recycler/types.go:180.8,180.35 1 1
mysql_tablespace_recycling/recycler/types.go:180.35,182.3 1 1
mysql_tablespace_recycling/recycler/types.go:182.8,184.3 1 1
mysql_tablespace_recycling/recycler/types.go:188.64,199.2 1 1
mysql_tablespace_recycling/config/config.go:80.33,131.2 1 0
mysql_tablespace_recycling/config/config.go:134.53,137.22 2 0
mysql_tablespace_recycling/config/config.go:137.22,139.3 1 0
mysql_tablespace_recycling/config/config.go:142.2,142.55 1 0
mysql_tablespace_recycling/config/config.go:142.55,144.3 1 0
mysql_tablespace_recycling/config/config.go:146.2,147.16 2 0
mysql_tablespace_recycling/config/config.go:147.16,149.3 1 0
mysql_tablespace_recycling/config/config.go:151.2,151.53 1 0
mysql_tablespace_recycling/config/config.go:151.53,153.3 1 0
mysql_tablespace_recycling/config/config.go:156.2,156.42 1 0
mysql_tablespace_recycling/config/config.go:156.42,158.3 1 0
mysql_tablespace_recycling/config/config.go:160.2,160.20 1 0
mysql_tablespace_recycling/config/config.go:164.40,165.58 1 0
mysql_tablespace_recycling/config/config.go:165.58,167.3 1 0
mysql_tablespace_recycling/config/config.go:168.2,168.58 1 0
mysql_tablespace_recycling/config/config.go:168.58,169.44 1 0
mysql_tablespace_recycling/config/config.go:169.44,171.4 1 0
mysql_tablespace_recycling/config/config.go:173.2,173.58 1 0
mysql_tablespace_recycling/config/config.go:173.58,175.3 1 0
mysql_tablespace_recycling/config/config.go:176.2,176.70 1 0
mysql_tablespace_recycling/config/config.go:176.70,178.3 1 0
mysql_tablespace_recycling/config/config.go:179.2,179.73 1 0
mysql_tablespace_recycling/config/config.go:179.73,181.3 1 0
mysql_tablespace_recycling/config/config.go:182.2,182.79 1 0
mysql_tablespace_recycling/config/config.go:182.79,183.55 1 0
mysql_tablespace_recycling/config/config.go:183.55,185.4 1 0
mysql_tablespace_recycling/config/config.go:187.2,187.71 1 0
mysql_tablespace_recycling/config/config.go:187.71,189.3 1 0
mysql_tablespace_recycling/config/config.go:190.2,190.74 1 0
mysql_tablespace_recycling/config/config.go:190.74,192.3 1 0
mysql_tablespace_recycling/config/config.go:193.2,193.77 1 0
mysql_tablespace_recycling/config/config.go:193.77,195.3 1 0
mysql_tablespace_recycling/config/config.go:196.2,196.77 1 0
mysql_tablespace_recycling/config/config.go:196.77,199.3 2 0
mysql_tablespace_recycling/config/config.go:203.58,206.47 2 0
mysql_tablespace_recycling/config/config.go:206.47,208.3 1 0
mysql_tablespace_recycling/config/config.go:210.2,211.16 2 0
mysql_tablespace_recycling/config/config.go:211.16,213.3 1 0
mysql_tablespace_recycling/config/config.go:215.2,215.61 1 0
mysql_tablespace_recycling/config/config.go:215.61,217.3 1 0
mysql_tablespace_recycling/config/config.go:219.2,219.12 1 0
mysql_tablespace_recycling/config/config.go:223.35,225.67 1 0
mysql_tablespace_recycling/config/config.go:225.67,227.3 1 0
mysql_tablespace_recycling/config/config.go:229.2,229.29 1 0
mysql_tablespace_recycling/config/config.go:229.29,231.3 1 0
mysql_tablespace_recycling/config/config.go:234.2,234.36 1 0
mysql_tablespace_recycling/config/config.go:234.36,236.3 1 0
mysql_tablespace_recycling/config/config.go:238.2,238.40 1 0
mysql_tablespace_recycling/config/config.go:238.40,240.3 1 0
mysql_tablespace_recycling/config/config.go:242.2,242.63 1 0
mysql_tablespace_recycling/config/config.go:242.63,244.3 1 0
mysql_tablespace_recycling/config/config.go:247.2,247.41 1 0
mysql_tablespace_recycling/config/config.go:247.41,249.3 1 0
mysql_tablespace_recycling/config/config.go:252.2,254.39 3 0
mysql_tablespace_recycling/config/config.go:254.39,255.31 1 0
mysql_tablespace_recycling/config/config.go:255.31,257.9 2 0
mysql_tablespace_recycling/config/config.go:260.2,260.17 1 0
mysql_tablespace_recycling/config/config.go:260.17,262.3 1 0
mysql_tablespace_recycling/config/config.go:265.2,265.62 1 0
mysql_tablespace_recycling/config/config.go:265.62,267.3 1 0
mysql_tablespace_recycling/config/config.go:269.2,269.12 1 0
mysql_tablespace_recycling/config/config.go:273.38,277.40 2 0
mysql_tablespace_recycling/config/config.go:277.40,282.3 4 0
mysql_tablespace_recycling/config/config.go:285.2,285.47 1 0
mysql_tablespace_recycling/config/config.go:285.47,290.3 4 0
mysql_tablespace_recycling/config/config.go:293.2,296.14 3 0
mysql_tablespace_recycling/config/config.go:300.30,301.46 1 0
mysql_tablespace_recycling/config/config.go:301.46,302.42 1 0
mysql_tablespace_recycling/config/config.go:302.42,304.4 1 0
mysql_tablespace_recycling/config/config.go:306.2,306.11 1 0
mysql_tablespace_recycling/config/config.go:310.37,371.2 1 0
mysql_tablespace_recycling/config/config.go:375.45,378.45 3 0
mysql_tablespace_recycling/config/config.go:378.45,380.3 1 0
mysql_tablespace_recycling/config/config.go:381.2,381.18 1 0
mysql_tablespace_recycling/config/config.go:384.50,387.29 3 0
mysql_tablespace_recycling/config/config.go:387.29,389.3 1 0
mysql_tablespace_recycling/config/config.go:390.2,390.19 1 0
mysql_tablespace_recycling/monitor/monitor.go:122.48,123.19 1 0
mysql_tablespace_recycling/monitor/monitor.go:123.19,130.3 1 0
mysql_tablespace_recycling/monitor/monitor.go:132.2,148.45 3 0
mysql_tablespace_recycling/monitor/monitor.go:148.45,151.3 1 0
mysql_tablespace_recycling/monitor/monitor.go:154.2,154.27 1 0
mysql_tablespace_recycling/monitor/monitor.go:154.27,156.3 1 0
mysql_tablespace_recycling/monitor/monitor.go:158.2,158.16 1 0
mysql_tablespace_recycling/monitor/monitor.go:162.70,182.31 7 0
mysql_tablespace_recycling/monitor/monitor.go:182.31,183.54 1 0
mysql_tablespace_recycling/monitor/monitor.go:183.54,185.4 1 0
mysql_tablespace_recycling/monitor/monitor.go:188.2,188.12 1 0
mysql_tablespace_recycling/monitor/monitor.go:192.95,197.13 4 0
mysql_tablespace_recycling/monitor/monitor.go:197.13,199.3 1 0
mysql_tablespace_recycling/monitor/monitor.go:201.2,205.31 3 0
mysql_tablespace_recycling/monitor/monitor.go:205.31,206.57 1 0
mysql_tablespace_recycling/monitor/monitor.go:206.57,208.4 1 0
mysql_tablespace_recycling/monitor/monitor.go:211.2,211.12 1 0
mysql_tablespace_recycling/monitor/monitor.go:215.92,220.13 4 0
mysql_tablespace_recycling/monitor/monitor.go:220.13,222.3 1 0
mysql_tablespace_recycling/monitor/monitor.go:224.2,228.38 3 0
mysql_tablespace_recycling/monitor/monitor.go:228.38,229.13 1 0
mysql_tablespace_recycling/monitor/monitor.go:229.13,230.44 1 0
mysql_tablespace_recycling/monitor/monitor.go:230.44,232.5 1 0
mysql_tablespace_recycling/monitor/monitor.go:236.2,236.12 1 0
mysql_tablespace_recycling/monitor/monitor.go:240.103,245.13 4 0
mysql_tablespace_recycling/monitor/monitor.go:245.13,247.3 1 0
mysql_tablespace_recycling/monitor/monitor.go:249.2,254.16 5 0
mysql_tablespace_recycling/monitor/monitor.go:254.16,260.32 4 0
mysql_tablespace_recycling/monitor/monitor.go:260.32,261.69 1 0
mysql_tablespace_recycling/monitor/monitor.go:261.69,263.5 1 0
mysql_tablespace_recycling/monitor/monitor.go:265.8,270.20 3 0
mysql_tablespace_recycling/monitor/monitor.go:270.20,273.4 2 0
mysql_tablespace_recycling/monitor/monitor.go:276.3,276.32 1 0
mysql_tablespace_recycling/monitor/monitor.go:276.32,277.66 1 0
mysql_tablespace_recycling/monitor/monitor.go:277.66,279.5 1 0
mysql_tablespace_recycling/monitor/monitor.go:284.2,288.12 4 0
mysql_tablespace_recycling/monitor/monitor.go:292.76,296.51 3 0
mysql_tablespace_recycling/monitor/monitor.go:296.51,300.3 2 0
mysql_tablespace_recycling/monitor/monitor.go:303.2,303.43 1 0
mysql_tablespace_recycling/monitor/monitor.go:303.43,304.34 1 0
mysql_tablespace_recycling/monitor/monitor.go:304.34,307.4 2 0
mysql_tablespace_recycling/monitor/monitor.go:310.2,310.53 1 0
mysql_tablespace_recycling/monitor/monitor.go:314.67,320.31 4 0
mysql_tablespace_recycling/monitor/monitor.go:320.31,323.3 2 0
mysql_tablespace_recycling/monitor/monitor.go:327.2,327.21 1 0
mysql_tablespace_recycling/monitor/monitor.go:327.21,328.38 1 0
mysql_tablespace_recycling/monitor/monitor.go:328.38,330.86 1 0
mysql_tablespace_recycling/monitor/monitor.go:330.86,332.53 1 0
mysql_tablespace_recycling/monitor/monitor.go:332.53,335.6 2 0
mysql_tablespace_recycling/monitor/monitor.go:340.2,340.19 1 0
mysql_tablespace_recycling/monitor/monitor.go:344.75,352.80 5 0
mysql_tablespace_recycling/monitor/monitor.go:352.80,356.3 3 0
mysql_tablespace_recycling/monitor/monitor.go:358.2,358.21 1 0
mysql_tablespace_recycling/monitor/monitor.go:362.51,370.32 5 0
mysql_tablespace_recycling/monitor/monitor.go:370.32,374.38 3 0
mysql_tablespace_recycling/monitor/monitor.go:374.38,375.56 1 0
mysql_tablespace_recycling/monitor/monitor.go:375.56,378.5 2 0
mysql_tablespace_recycling/monitor/monitor.go:381.3,381.16 1 0
mysql_tablespace_recycling/monitor/monitor.go:381.16,383.4 1 0
mysql_tablespace_recycling/monitor/monitor.go:386.2,386.15 1 0
mysql_tablespace_recycling/monitor/monitor.go:390.63,396.2 4 0
mysql_tablespace_recycling/monitor/monitor.go:399.48,416.16 5 0
mysql_tablespace_recycling/monitor/monitor.go:416.16,418.3 1 0
mysql_tablespace_recycling/monitor/monitor.go:419.2,423.45 4 0
mysql_tablespace_recycling/monitor/monitor.go:423.45,425.3 1 0
mysql_tablespace_recycling/monitor/monitor.go:427.2,428.12 2 0
mysql_tablespace_recycling/monitor/monitor.go:432.45,434.16 2 0
mysql_tablespace_recycling/monitor/monitor.go:434.16,435.25 1 0
mysql_tablespace_recycling/monitor/monitor.go:435.25,437.4 1 0
mysql_tablespace_recycling/monitor/monitor.go:438.3,438.59 1 0
mysql_tablespace_recycling/monitor/monitor.go:440.2,449.60 3 0
mysql_tablespace_recycling/monitor/monitor.go:449.60,451.3 1 0
mysql_tablespace_recycling/monitor/monitor.go:453.2,457.29 3 0
mysql_tablespace_recycling/monitor/monitor.go:457.29,459.3 1 0
mysql_tablespace_recycling/monitor/monitor.go:462.2,462.23 1 0
mysql_tablespace_recycling/monitor/monitor.go:462.23,466.3 2 0
mysql_tablespace_recycling/monitor/monitor.go:471.2,471.12 1 0
mysql_tablespace_recycling/monitor/monitor.go:475.59,477.16 2 0
mysql_tablespace_recycling/monitor/monitor.go:477.16,478.25 1 0
mysql_tablespace_recycling/monitor/monitor.go:478.25,480.4 1 0
mysql_tablespace_recycling/monitor/monitor.go:481.3,481.59 1 0
mysql_tablespace_recycling/monitor/monitor.go:483.2,492.60 3 0
mysql_tablespace_recycling/monitor/monitor.go:492.60,494.3 1 0
mysql_tablespace_recycling/monitor/monitor.go:496.2,503.23 4 0
mysql_tablespace_recycling/monitor/monitor.go:503.23,504.40 1 0
mysql_tablespace_recycling/monitor/monitor.go:504.40,508.49 1 0
mysql_tablespace_recycling/monitor/monitor.go:508.49,510.5 1 0
mysql_tablespace_recycling/monitor/monitor.go:515.2,515.23 1 0
mysql_tablespace_recycling/monitor/monitor.go:515.23,520.3 3 0
mysql_tablespace_recycling/monitor/monitor.go:523.2,525.12 2 0
mysql_tablespace_recycling/monitor/monitor.go:529.104,533.6 3 0
mysql_tablespace_recycling/monitor/monitor.go:533.6,534.10 1 0
mysql_tablespace_recycling/monitor/monitor.go:535.19,536.44 1 0
mysql_tablespace_recycling/monitor/monitor.go:536.44,539.5 1 0
mysql_tablespace_recycling/monitor/monitor.go:540.21,543.20 2 0
mysql_tablespace_recycling/monitor/monitor.go:549.63,553.46 2 0
mysql_tablespace_recycling/monitor/monitor.go:553.46,557.3 2 0
mysql_tablespace_recycling/monitor/monitor.go:561.43,562.21 1 0
mysql_tablespace_recycling/monitor/monitor.go:562.21,564.3 1 0
mysql_tablespace_recycling/monitor/monitor.go:567.2,567.26 1 0
mysql_tablespace_recycling/monitor/monitor.go:576.63,581.2 1 0
mysql_tablespace_recycling/monitor/monitor.go:583.70,584.16 1 0
mysql_tablespace_recycling/monitor/monitor.go:584.16,586.3 1 0
mysql_tablespace_recycling/monitor/monitor.go:588.2,591.36 2 0
mysql_tablespace_recycling/monitor/monitor.go:594.73,595.46 1 0
mysql_tablespace_recycling/monitor/monitor.go:595.46,597.3 1 0
mysql_tablespace_recycling/monitor/monitor.go:600.2,600.49 1 0
mysql_tablespace_recycling/monitor/monitor.go:600.49,607.3 2 0
mysql_tablespace_recycling/monitor/monitor.go:609.2,609.12 1 0
mysql_tablespace_recycling/monitor/monitor.go:612.73,613.16 1 0
mysql_tablespace_recycling/monitor/monitor.go:613.16,615.3 1 0
mysql_tablespace_recycling/monitor/monitor.go:617.2,619.30 3 0
mysql_tablespace_recycling/monitor/monitor.go:619.30,622.3 2 0
mysql_tablespace_recycling/monitor/monitor.go:624.2,627.36 2 0
mysql_tablespace_recycling/monitor/monitor.go:630.82,631.16 1 0
mysql_tablespace_recycling/monitor/monitor.go:631.16,633.3 1 0
mysql_tablespace_recycling/monitor/monitor.go:635.2,637.36 2 0
mysql_tablespace_recycling/monitor/monitor.go:640.67,645.2 2 0
mysql_tablespace_recycling/monitor/monitor.go:648.38,649.18 1 0
mysql_tablespace_recycling/monitor/monitor.go:649.18,651.3 1 0
mysql_tablespace_recycling/monitor/monitor.go:651.8,651.30 1 0
mysql_tablespace_recycling/monitor/monitor.go:651.30,653.3 1 0
mysql_tablespace_recycling/monitor/monitor.go:653.8,653.35 1 0
mysql_tablespace_recycling/monitor/monitor.go:653.35,655.3 1 0
mysql_tablespace_recycling/monitor/monitor.go:655.8,657.3 1 0
mysql_tablespace_recycling/cluster/connection.go:21.69,22.21 1 0
mysql_tablespace_recycling/cluster/connection.go:22.21,24.3 1 0
mysql_tablespace_recycling/cluster/connection.go:27.2,32.29 4 0
mysql_tablespace_recycling/cluster/connection.go:32.29,34.3 1 0
mysql_tablespace_recycling/cluster/connection.go:35.2,35.27 1 0
mysql_tablespace_recycling/cluster/connection.go:35.27,38.3 2 0
mysql_tablespace_recycling/cluster/connection.go:40.2,52.16 3 0
mysql_tablespace_recycling/cluster/connection.go:52.16,54.3 1 0
mysql_tablespace_recycling/cluster/connection.go:57.2,64.36 5 0
mysql_tablespace_recycling/cluster/connection.go:64.36,67.3 2 0
mysql_tablespace_recycling/cluster/connection.go:69.2,69.18 1 0
mysql_tablespace_recycling/cluster/connection.go:73.87,75.2 1 0
mysql_tablespace_recycling/cluster/connection.go:78.91,80.2 1 0
mysql_tablespace_recycling/cluster/connection.go:83.41,84.17 1 0
mysql_tablespace_recycling/cluster/connection.go:84.17,86.3 1 0
mysql_tablespace_recycling/cluster/connection.go:87.2,87.12 1 0
mysql_tablespace_recycling/cluster/connection.go:91.40,93.2 1 0
mysql_tablespace_recycling/cluster/connection.go:102.121,105.9 2 0
mysql_tablespace_recycling/cluster/connection.go:105.9,107.3 1 0
mysql_tablespace_recycling/cluster/connection.go:108.2,108.39 1 0
mysql_tablespace_recycling/cluster/discovery.go:33.101,34.20 1 1
mysql_tablespace_recycling/cluster/discovery.go:34.20,40.3 1 1
mysql_tablespace_recycling/cluster/discovery.go:42.2,47.3 1 1
mysql_tablespace_recycling/cluster/discovery.go:51.125,52.27 1 1
mysql_tablespace_recycling/cluster/discovery.go:52.27,54.3 1 1
mysql_tablespace_recycling/cluster/discovery.go:57.2,57.59 1 1
mysql_tablespace_recycling/cluster/discovery.go:57.59,59.3 1 1
mysql_tablespace_recycling/cluster/discovery.go:62.2,72.77 4 0
mysql_tablespace_recycling/cluster/discovery.go:72.77,74.3 1 0
mysql_tablespace_recycling/cluster/discovery.go:77.2,77.55 1 0
mysql_tablespace_recycling/cluster/discovery.go:77.55,79.3 1 0
mysql_tablespace_recycling/cluster/discovery.go:81.2,81.22 1 0
mysql_tablespace_recycling/cluster/discovery.go:85.147,86.33 1 0
mysql_tablespace_recycling/cluster/discovery.go:86.33,88.3 1 0
mysql_tablespace_recycling/cluster/discovery.go:91.2,104.48 8 0
mysql_tablespace_recycling/cluster/discovery.go:104.48,106.13 2 0
mysql_tablespace_recycling/cluster/discovery.go:106.13,108.8 2 0
mysql_tablespace_recycling/cluster/discovery.go:108.8,109.12 1 0
mysql_tablespace_recycling/cluster/discovery.go:110.34,111.13 1 0
mysql_tablespace_recycling/cluster/discovery.go:111.13,114.7 1 0
mysql_tablespace_recycling/cluster/discovery.go:115.6,115.21 1 0
mysql_tablespace_recycling/cluster/discovery.go:115.21,117.7 1 0
mysql_tablespace_recycling/cluster/discovery.go:119.6,122.81 3 0
mysql_tablespace_recycling/cluster/discovery.go:122.81,127.7 3 0
mysql_tablespace_recycling/cluster/discovery.go:129.6,130.11 2 0
mysql_tablespace_recycling/cluster/discovery.go:131.23,132.12 1 0
mysql_tablespace_recycling/cluster/discovery.go:139.2,139.12 1 0
mysql_tablespace_recycling/cluster/discovery.go:139.12,140.7 1 0
mysql_tablespace_recycling/cluster/discovery.go:140.7,141.11 1 0
mysql_tablespace_recycling/cluster/discovery.go:142.22,144.11 2 0
mysql_tablespace_recycling/cluster/discovery.go:145.46,147.72 1 0
mysql_tablespace_recycling/cluster/discovery.go:147.72,150.6 2 0
mysql_tablespace_recycling/cluster/discovery.go:156.2,166.45 5 0
mysql_tablespace_recycling/cluster/discovery.go:166.45,169.3 1 0
mysql_tablespace_recycling/cluster/discovery.go:172.2,172.12 1 0
mysql_tablespace_recycling/cluster/discovery.go:176.158,181.29 3 0
mysql_tablespace_recycling/cluster/discovery.go:181.29,184.3 2 0
mysql_tablespace_recycling/cluster/discovery.go:185.2,191.16 5 0
mysql_tablespace_recycling/cluster/discovery.go:191.16,193.3 1 0
mysql_tablespace_recycling/cluster/discovery.go:196.2,200.16 3 0
mysql_tablespace_recycling/cluster/discovery.go:200.16,202.3 1 0
mysql_tablespace_recycling/cluster/discovery.go:205.2,206.35 2 0
mysql_tablespace_recycling/cluster/discovery.go:206.35,221.10 4 0
mysql_tablespace_recycling/cluster/discovery.go:222.31,222.31 0 0
mysql_tablespace_recycling/cluster/discovery.go:223.21,224.20 1 0
mysql_tablespace_recycling/cluster/discovery.go:225.11,225.11 0 0
mysql_tablespace_recycling/cluster/discovery.go:230.2,230.26 1 0
mysql_tablespace_recycling/cluster/discovery.go:230.26,234.3 3 0
mysql_tablespace_recycling/cluster/discovery.go:237.2,238.38 2 0
mysql_tablespace_recycling/cluster/discovery.go:238.38,243.57 3 0
mysql_tablespace_recycling/cluster/discovery.go:243.57,254.11 2 0
mysql_tablespace_recycling/cluster/discovery.go:255.33,255.33 0 0
mysql_tablespace_recycling/cluster/discovery.go:256.22,258.21 2 0
mysql_tablespace_recycling/cluster/discovery.go:259.12,259.12 0 0
mysql_tablespace_recycling/cluster/discovery.go:263.3,263.16 1 0
mysql_tablespace_recycling/cluster/discovery.go:266.2,266.12 1 0
mysql_tablespace_recycling/cluster/discovery.go:270.110,272.16 2 1
mysql_tablespace_recycling/cluster/discovery.go:272.16,274.3 1 1
mysql_tablespace_recycling/cluster/discovery.go:275.2,284.16 5 0
mysql_tablespace_recycling/cluster/discovery.go:284.16,286.3 1 0
mysql_tablespace_recycling/cluster/discovery.go:287.2,292.16 4 0
mysql_tablespace_recycling/cluster/discovery.go:292.16,294.3 1 0
mysql_tablespace_recycling/cluster/discovery.go:295.2,299.38 3 0
mysql_tablespace_recycling/cluster/discovery.go:299.38,303.3 3 0
mysql_tablespace_recycling/cluster/discovery.go:303.8,306.22 2 0
mysql_tablespace_recycling/cluster/discovery.go:306.22,308.4 1 0
mysql_tablespace_recycling/cluster/discovery.go:308.9,310.4 1 0
mysql_tablespace_recycling/cluster/discovery.go:314.2,315.16 2 0
mysql_tablespace_recycling/cluster/discovery.go:315.16,316.36 1 0
mysql_tablespace_recycling/cluster/discovery.go:316.36,318.4 1 0
mysql_tablespace_recycling/cluster/discovery.go:322.2,322.57 1 0
mysql_tablespace_recycling/cluster/discovery.go:322.57,323.81 1 0
mysql_tablespace_recycling/cluster/discovery.go:323.81,325.42 1 0
mysql_tablespace_recycling/cluster/discovery.go:325.42,328.5 2 0
mysql_tablespace_recycling/cluster/discovery.go:328.10,331.5 2 0
mysql_tablespace_recycling/cluster/discovery.go:333.4,333.46 1 0
mysql_tablespace_recycling/cluster/discovery.go:333.46,335.5 1 0
mysql_tablespace_recycling/cluster/discovery.go:335.10,337.5 1 0
mysql_tablespace_recycling/cluster/discovery.go:341.2,341.20 1 0
mysql_tablespace_recycling/cluster/discovery.go:345.112,347.16 2 0
mysql_tablespace_recycling/cluster/discovery.go:347.16,349.3 1 0
mysql_tablespace_recycling/cluster/discovery.go:350.2,353.16 3 0
mysql_tablespace_recycling/cluster/discovery.go:353.16,355.3 1 0
mysql_tablespace_recycling/cluster/discovery.go:356.2,359.18 3 0
mysql_tablespace_recycling/cluster/discovery.go:359.18,365.67 5 0
mysql_tablespace_recycling/cluster/discovery.go:365.67,366.12 1 0
mysql_tablespace_recycling/cluster/discovery.go:369.3,374.17 2 0
mysql_tablespace_recycling/cluster/discovery.go:374.17,376.4 1 0
mysql_tablespace_recycling/cluster/discovery.go:378.3,378.33 1 0
mysql_tablespace_recycling/cluster/discovery.go:381.2,381.20 1 0
mysql_tablespace_recycling/cluster/discovery.go:385.113,387.16 2 0
mysql_tablespace_recycling/cluster/discovery.go:387.16,389.3 1 0
mysql_tablespace_recycling/cluster/discovery.go:390.2,393.16 3 0
mysql_tablespace_recycling/cluster/discovery.go:393.16,395.3 1 0
mysql_tablespace_recycling/cluster/discovery.go:396.2,398.18 2 0
mysql_tablespace_recycling/cluster/discovery.go:398.18,401.3 1 0
mysql_tablespace_recycling/cluster/discovery.go:404.2,405.16 2 0
mysql_tablespace_recycling/cluster/discovery.go:405.16,407.3 1 0
mysql_tablespace_recycling/cluster/discovery.go:410.2,412.24 3 0
mysql_tablespace_recycling/cluster/discovery.go:412.24,414.3 1 0
mysql_tablespace_recycling/cluster/discovery.go:416.2,416.50 1 0
mysql_tablespace_recycling/cluster/discovery.go:416.50,418.3 1 0
mysql_tablespace_recycling/cluster/discovery.go:421.2,423.30 3 0
mysql_tablespace_recycling/cluster/discovery.go:423.30,425.3 1 0
mysql_tablespace_recycling/cluster/discovery.go:428.2,428.59 1 0
mysql_tablespace_recycling/cluster/discovery.go:428.59,430.3 1 0
mysql_tablespace_recycling/cluster/discovery.go:431.2,431.59 1 0
mysql_tablespace_recycling/cluster/discovery.go:431.59,432.66 1 0
mysql_tablespace_recycling/cluster/discovery.go:432.66,434.4 1 0
mysql_tablespace_recycling/cluster/discovery.go:436.2,436.59 1 0
mysql_tablespace_recycling/cluster/discovery.go:436.59,438.3 1 0
mysql_tablespace_recycling/cluster/discovery.go:439.2,439.64 1 0
mysql_tablespace_recycling/cluster/discovery.go:439.64,441.3 1 0
mysql_tablespace_recycling/cluster/discovery.go:442.2,442.65 1 0
mysql_tablespace_recycling/cluster/discovery.go:442.65,444.3 1 0
mysql_tablespace_recycling/cluster/discovery.go:445.2,445.69 1 0
mysql_tablespace_recycling/cluster/discovery.go:445.69,446.17 1 0
mysql_tablespace_recycling/cluster/discovery.go:446.17,447.66 1 0
mysql_tablespace_recycling/cluster/discovery.go:447.66,449.5 1 0
mysql_tablespace_recycling/cluster/discovery.go:452.2,452.63 1 0
mysql_tablespace_recycling/cluster/discovery.go:452.63,454.3 1 0
mysql_tablespace_recycling/cluster/discovery.go:455.2,455.62 1 0
mysql_tablespace_recycling/cluster/discovery.go:455.62,457.3 1 0
mysql_tablespace_recycling/cluster/discovery.go:459.2,459.20 1 0
mysql_tablespace_recycling/cluster/discovery.go:463.89,468.53 3 0
mysql_tablespace_recycling/cluster/discovery.go:468.53,471.77 2 0
mysql_tablespace_recycling/cluster/discovery.go:471.77,473.4 1 0
mysql_tablespace_recycling/cluster/discovery.go:473.9,474.50 1 0
mysql_tablespace_recycling/cluster/discovery.go:474.50,475.39 1 0
mysql_tablespace_recycling/cluster/discovery.go:475.39,477.11 2 0
mysql_tablespace_recycling/cluster/discovery.go:482.3,482.18 1 0
mysql_tablespace_recycling/cluster/discovery.go:482.18,483.12 1 0
mysql_tablespace_recycling/cluster/discovery.go:486.3,486.28 1 0
mysql_tablespace_recycling/cluster/discovery.go:486.28,488.4 1 0
mysql_tablespace_recycling/cluster/discovery.go:488.9,490.4 1 0
mysql_tablespace_recycling/cluster/discovery.go:494.2,494.32 1 0
mysql_tablespace_recycling/cluster/discovery.go:494.32,496.3 1 0
mysql_tablespace_recycling/cluster/discovery.go:496.8,496.38 1 0
mysql_tablespace_recycling/cluster/discovery.go:496.38,498.46 1 0
mysql_tablespace_recycling/cluster/discovery.go:498.46,500.33 2 0
mysql_tablespace_recycling/cluster/discovery.go:500.33,502.10 2 0
mysql_tablespace_recycling/cluster/discovery.go:505.3,505.33 1 0
mysql_tablespace_recycling/cluster/discovery.go:505.33,507.4 1 0
mysql_tablespace_recycling/cluster/discovery.go:511.2,514.12 3 0
mysql_tablespace_recycling/cluster/external_api.go:29.117,38.2 1 1
mysql_tablespace_recycling/cluster/external_api.go:41.106,43.52 1 0
mysql_tablespace_recycling/cluster/external_api.go:43.52,45.3 1 0
mysql_tablespace_recycling/cluster/external_api.go:48.2,53.16 3 0
mysql_tablespace_recycling/cluster/external_api.go:53.16,55.3 1 0
mysql_tablespace_recycling/cluster/external_api.go:58.2,59.16 2 0
mysql_tablespace_recycling/cluster/external_api.go:59.16,61.3 1 0
mysql_tablespace_recycling/cluster/external_api.go:63.2,67.16 3 0
mysql_tablespace_recycling/cluster/external_api.go:67.16,69.3 1 0
mysql_tablespace_recycling/cluster/external_api.go:70.2,72.38 2 0
mysql_tablespace_recycling/cluster/external_api.go:72.38,74.3 1 0
mysql_tablespace_recycling/cluster/external_api.go:77.2,78.68 2 0
mysql_tablespace_recycling/cluster/external_api.go:78.68,80.3 1 0
mysql_tablespace_recycling/cluster/external_api.go:82.2,82.28 1 0
mysql_tablespace_recycling/cluster/external_api.go:82.28,84.3 1 0
mysql_tablespace_recycling/cluster/external_api.go:86.2,86.25 1 0
mysql_tablespace_recycling/cluster/external_api.go:86.25,88.3 1 0
mysql_tablespace_recycling/cluster/external_api.go:91.2,93.26 2 0
mysql_tablespace_recycling/cluster/external_api.go:97.82,102.13 4 1
mysql_tablespace_recycling/cluster/external_api.go:102.13,104.3 1 1
mysql_tablespace_recycling/cluster/external_api.go:107.2,107.47 1 1
mysql_tablespace_recycling/cluster/external_api.go:107.47,109.3 1 1
mysql_tablespace_recycling/cluster/external_api.go:111.2,111.20 1 1
mysql_tablespace_recycling/cluster/external_api.go:115.84,123.2 3 1
mysql_tablespace_recycling/cluster/external_api.go:126.46,131.2 3 1
mysql_tablespace_recycling/cluster/external_api.go:134.55,139.36 4 0
mysql_tablespace_recycling/cluster/external_api.go:139.36,140.45 1 0
mysql_tablespace_recycling/cluster/external_api.go:140.45,142.4 1 0
mysql_tablespace_recycling/cluster/external_api.go:147.96,151.12 3 0
mysql_tablespace_recycling/cluster/external_api.go:151.12,152.7 1 0
mysql_tablespace_recycling/cluster/external_api.go:152.7,153.11 1 0
mysql_tablespace_recycling/cluster/external_api.go:154.20,155.28 1 0
mysql_tablespace_recycling/cluster/external_api.go:156.22,157.11 1 0
mysql_tablespace_recycling/cluster/master_validator.go:71.147,78.2 1 1
mysql_tablespace_recycling/cluster/master_validator.go:81.100,83.16 2 1
mysql_tablespace_recycling/cluster/master_validator.go:83.16,85.3 1 0
mysql_tablespace_recycling/cluster/master_validator.go:88.2,88.57 1 1
mysql_tablespace_recycling/cluster/master_validator.go:88.57,90.3 1 1
mysql_tablespace_recycling/cluster/master_validator.go:92.2,92.29 1 1
mysql_tablespace_recycling/cluster/master_validator.go:96.100,98.16 2 1
mysql_tablespace_recycling/cluster/master_validator.go:98.16,100.3 1 0
mysql_tablespace_recycling/cluster/master_validator.go:102.2,102.21 1 1
mysql_tablespace_recycling/cluster/master_validator.go:102.21,104.3 1 1
mysql_tablespace_recycling/cluster/master_validator.go:107.2,107.30 1 0
mysql_tablespace_recycling/cluster/master_validator.go:107.30,109.19 2 0
mysql_tablespace_recycling/cluster/master_validator.go:109.19,111.4 1 0
mysql_tablespace_recycling/cluster/master_validator.go:113.3,113.42 1 0
mysql_tablespace_recycling/cluster/master_validator.go:116.2,116.12 1 0
mysql_tablespace_recycling/cluster/master_validator.go:120.132,129.65 2 1
mysql_tablespace_recycling/cluster/master_validator.go:129.65,131.3 1 0
mysql_tablespace_recycling/cluster/master_validator.go:134.2,134.26 1 1
mysql_tablespace_recycling/cluster/master_validator.go:134.26,136.3 1 1
mysql_tablespace_recycling/cluster/master_validator.go:139.2,139.71 1 1
mysql_tablespace_recycling/cluster/master_validator.go:139.71,141.3 1 0
mysql_tablespace_recycling/cluster/master_validator.go:144.2,146.20 2 1
mysql_tablespace_recycling/cluster/master_validator.go:150.131,152.16 2 1
mysql_tablespace_recycling/cluster/master_validator.go:152.16,154.3 1 0
mysql_tablespace_recycling/cluster/master_validator.go:155.2,162.16 5 1
mysql_tablespace_recycling/cluster/master_validator.go:162.16,164.3 1 0
mysql_tablespace_recycling/cluster/master_validator.go:165.2,168.24 3 1
mysql_tablespace_recycling/cluster/master_validator.go:168.24,170.3 1 1
mysql_tablespace_recycling/cluster/master_validator.go:170.8,172.3 1 1
mysql_tablespace_recycling/cluster/master_validator.go:175.2,177.16 3 1
mysql_tablespace_recycling/cluster/master_validator.go:177.16,179.29 2 1
mysql_tablespace_recycling/cluster/master_validator.go:179.29,181.4 1 1
mysql_tablespace_recycling/cluster/master_validator.go:185.2,187.16 3 1
mysql_tablespace_recycling/cluster/master_validator.go:187.16,189.20 2 1
mysql_tablespace_recycling/cluster/master_validator.go:189.20,191.4 1 0
mysql_tablespace_recycling/cluster/master_validator.go:195.2,197.16 3 1
mysql_tablespace_recycling/cluster/master_validator.go:197.16,199.23 2 1
mysql_tablespace_recycling/cluster/master_validator.go:199.23,201.4 1 0
mysql_tablespace_recycling/cluster/master_validator.go:205.2,207.16 3 1
mysql_tablespace_recycling/cluster/master_validator.go:207.16,209.3 1 1
mysql_tablespace_recycling/cluster/master_validator.go:212.2,213.38 2 1
mysql_tablespace_recycling/cluster/master_validator.go:213.38,218.3 3 1
mysql_tablespace_recycling/cluster/master_validator.go:218.8,221.3 2 1
mysql_tablespace_recycling/cluster/master_validator.go:224.2,225.39 2 1
mysql_tablespace_recycling/cluster/master_validator.go:225.39,233.36 5 1
mysql_tablespace_recycling/cluster/master_validator.go:233.36,235.4 1 1
mysql_tablespace_recycling/cluster/master_validator.go:239.2,241.12 2 1
mysql_tablespace_recycling/cluster/master_validator.go:245.122,247.16 2 1
mysql_tablespace_recycling/cluster/master_validator.go:247.16,250.3 2 0
mysql_tablespace_recycling/cluster/master_validator.go:252.2,255.40 3 1
mysql_tablespace_recycling/cluster/master_validator.go:255.40,257.3 1 1
mysql_tablespace_recycling/cluster/master_validator.go:257.8,260.3 1 1
mysql_tablespace_recycling/cluster/master_validator.go:262.2,262.44 1 1
mysql_tablespace_recycling/cluster/master_validator.go:262.44,264.3 1 1
mysql_tablespace_recycling/cluster/master_validator.go:268.137,272.2 1 1
mysql_tablespace_recycling/cluster/master_validator.go:275.123,277.16 2 1
mysql_tablespace_recycling/cluster/master_validator.go:277.16,280.3 2 0
mysql_tablespace_recycling/cluster/master_validator.go:282.2,282.17 1 1
mysql_tablespace_recycling/cluster/master_validator.go:282.17,284.3 1 0
mysql_tablespace_recycling/cluster/master_validator.go:286.2,294.32 5 1
mysql_tablespace_recycling/cluster/master_validator.go:294.32,297.3 1 0
mysql_tablespace_recycling/cluster/master_validator.go:301.87,305.29 2 1
mysql_tablespace_recycling/cluster/master_validator.go:305.29,309.3 3 1
mysql_tablespace_recycling/cluster/master_validator.go:312.2,316.24 3 1
mysql_tablespace_recycling/cluster/master_validator.go:316.24,318.3 1 1
mysql_tablespace_recycling/cluster/master_validator.go:318.8,320.3 1 0
mysql_tablespace_recycling/cluster/master_validator.go:323.2,323.28 1 1
mysql_tablespace_recycling/cluster/master_validator.go:323.28,325.3 1 0
mysql_tablespace_recycling/cluster/master_validator.go:328.2,328.34 1 1
mysql_tablespace_recycling/cluster/master_validator.go:328.34,330.3 1 1
mysql_tablespace_recycling/cluster/master_validator.go:333.2,333.37 1 1
mysql_tablespace_recycling/cluster/master_validator.go:333.37,334.53 1 1
mysql_tablespace_recycling/cluster/master_validator.go:334.53,336.4 1 1
mysql_tablespace_recycling/cluster/master_validator.go:336.9,338.4 1 0
mysql_tablespace_recycling/cluster/master_validator.go:342.2,342.21 1 1
mysql_tablespace_recycling/cluster/master_validator.go:342.21,344.3 1 1
mysql_tablespace_recycling/cluster/master_validator.go:347.2,347.40 1 1
mysql_tablespace_recycling/cluster/master_validator.go:347.40,349.66 2 1
mysql_tablespace_recycling/cluster/master_validator.go:349.66,351.4 1 1
mysql_tablespace_recycling/cluster/master_validator.go:351.9,351.35 1 1
mysql_tablespace_recycling/cluster/master_validator.go:351.35,353.4 1 1
mysql_tablespace_recycling/cluster/master_validator.go:353.9,355.4 1 0
mysql_tablespace_recycling/cluster/master_validator.go:356.8,356.47 1 0
mysql_tablespace_recycling/cluster/master_validator.go:356.47,358.65 2 0
mysql_tablespace_recycling/cluster/master_validator.go:358.65,360.4 1 0
mysql_tablespace_recycling/cluster/master_validator.go:360.9,360.34 1 0
mysql_tablespace_recycling/cluster/master_validator.go:360.34,362.4 1 0
mysql_tablespace_recycling/cluster/master_validator.go:362.9,364.4 1 0
mysql_tablespace_recycling/cluster/master_validator.go:365.8,370.3 3 0
mysql_tablespace_recycling/cluster/types.go:94.39,96.2 1 1
mysql_tablespace_recycling/cluster/types.go:99.37,101.2 1 1
mysql_tablespace_recycling/cluster/types.go:104.39,106.2 1 0
mysql_tablespace_recycling/cluster/types.go:109.36,111.2 1 0
mysql_tablespace_recycling/cluster/types.go:114.43,116.2 1 0
mysql_tablespace_recycling/cluster/types.go:119.43,121.2 1 0
mysql_tablespace_recycling/cluster/types.go:124.43,126.2 1 0
mysql_tablespace_recycling/cluster/types.go:129.49,131.2 1 0
mysql_tablespace_recycling/cluster/types.go:134.42,136.2 1 1
mysql_tablespace_recycling/cluster/types.go:139.39,141.2 1 1
mysql_tablespace_recycling/cluster/types.go:144.40,146.2 1 1
mysql_tablespace_recycling/cluster/types.go:149.49,150.34 1 1
mysql_tablespace_recycling/cluster/types.go:150.34,152.3 1 1
mysql_tablespace_recycling/cluster/types.go:153.2,153.31 1 1
mysql_tablespace_recycling/cluster/types.go:157.73,160.27 2 1
mysql_tablespace_recycling/cluster/types.go:160.27,162.3 1 1
mysql_tablespace_recycling/cluster/types.go:162.8,164.3 1 1
mysql_tablespace_recycling/cluster/types.go:166.2,166.27 1 1
mysql_tablespace_recycling/cluster/types.go:166.27,168.3 1 1
mysql_tablespace_recycling/cluster/types.go:169.2,171.36 2 1
mysql_tablespace_recycling/cluster/types.go:175.71,176.27 1 0
mysql_tablespace_recycling/cluster/types.go:176.27,178.3 1 0
mysql_tablespace_recycling/cluster/types.go:179.2,179.39 1 0
mysql_tablespace_recycling/cluster/types.go:183.56,185.2 1 1
mysql_tablespace_recycling/cluster/types.go:188.57,190.2 1 1
mysql_tablespace_recycling/cluster/types.go:193.78,196.13 3 1
mysql_tablespace_recycling/cluster/types.go:196.13,198.3 1 0
mysql_tablespace_recycling/cluster/types.go:200.2,201.41 2 1
mysql_tablespace_recycling/cluster/types.go:201.41,202.38 1 1
mysql_tablespace_recycling/cluster/types.go:202.38,203.37 1 1
mysql_tablespace_recycling/cluster/types.go:203.37,205.10 2 1
mysql_tablespace_recycling/cluster/types.go:209.2,209.14 1 1
mysql_tablespace_recycling/pkg/database/connection.go:25.36,27.2 1 0
mysql_tablespace_recycling/pkg/database/connection.go:30.33,33.2 1 0
mysql_tablespace_recycling/pkg/database/connection.go:44.109,46.16 2 0
mysql_tablespace_recycling/pkg/database/connection.go:46.16,48.3 1 0
mysql_tablespace_recycling/pkg/database/connection.go:51.2,59.44 6 0
mysql_tablespace_recycling/pkg/database/connection.go:59.44,62.3 2 0
mysql_tablespace_recycling/pkg/database/connection.go:64.2,74.18 3 0
mysql_tablespace_recycling/pkg/database/connection.go:78.36,79.17 1 0
mysql_tablespace_recycling/pkg/database/connection.go:79.17,83.3 2 0
mysql_tablespace_recycling/pkg/database/connection.go:84.2,84.12 1 0
mysql_tablespace_recycling/pkg/database/connection.go:88.38,90.2 1 0
mysql_tablespace_recycling/pkg/database/connection.go:93.46,95.2 1 0
mysql_tablespace_recycling/pkg/database/connection.go:98.110,100.15 2 0
mysql_tablespace_recycling/pkg/database/connection.go:100.15,105.3 1 0
mysql_tablespace_recycling/pkg/database/connection.go:107.2,110.52 3 0
mysql_tablespace_recycling/pkg/database/connection.go:114.103,116.15 2 0
mysql_tablespace_recycling/pkg/database/connection.go:116.15,121.3 1 0
mysql_tablespace_recycling/pkg/database/connection.go:123.2,126.55 3 0
mysql_tablespace_recycling/pkg/database/connection.go:130.110,132.15 2 0
mysql_tablespace_recycling/pkg/database/connection.go:132.15,137.3 1 0
mysql_tablespace_recycling/pkg/database/connection.go:139.2,142.50 3 0
mysql_tablespace_recycling/pkg/database/connection.go:155.100,171.16 3 0
mysql_tablespace_recycling/pkg/database/connection.go:171.16,173.3 1 0
mysql_tablespace_recycling/pkg/database/connection.go:174.2,177.18 3 0
mysql_tablespace_recycling/pkg/database/connection.go:177.18,180.17 3 0
mysql_tablespace_recycling/pkg/database/connection.go:180.17,182.4 1 0
mysql_tablespace_recycling/pkg/database/connection.go:183.3,183.33 1 0
mysql_tablespace_recycling/pkg/database/connection.go:186.2,186.35 1 0
mysql_tablespace_recycling/pkg/database/connection.go:186.35,188.3 1 0
mysql_tablespace_recycling/pkg/database/connection.go:190.2,190.20 1 0
mysql_tablespace_recycling/pkg/database/connection.go:194.68,199.16 4 0
mysql_tablespace_recycling/pkg/database/connection.go:199.16,201.3 1 0
mysql_tablespace_recycling/pkg/database/connection.go:203.2,203.49 1 0
mysql_tablespace_recycling/pkg/database/connection.go:207.91,211.16 3 0
mysql_tablespace_recycling/pkg/database/connection.go:211.16,213.3 1 0
mysql_tablespace_recycling/pkg/database/connection.go:214.2,217.16 3 0
mysql_tablespace_recycling/pkg/database/connection.go:217.16,219.3 1 0
mysql_tablespace_recycling/pkg/database/connection.go:221.2,222.18 2 0
mysql_tablespace_recycling/pkg/database/connection.go:222.18,225.25 3 0
mysql_tablespace_recycling/pkg/database/connection.go:225.25,227.4 1 0
mysql_tablespace_recycling/pkg/database/connection.go:229.3,229.49 1 0
mysql_tablespace_recycling/pkg/database/connection.go:229.49,231.4 1 0
mysql_tablespace_recycling/pkg/database/connection.go:233.3,234.31 2 0
mysql_tablespace_recycling/pkg/database/connection.go:234.31,236.4 1 0
mysql_tablespace_recycling/pkg/database/connection.go:237.3,237.33 1 0
mysql_tablespace_recycling/pkg/database/connection.go:240.2,240.20 1 0
mysql_tablespace_recycling/pkg/database/connection.go:244.90,248.16 3 0
mysql_tablespace_recycling/pkg/database/connection.go:248.16,250.3 1 0
mysql_tablespace_recycling/pkg/database/connection.go:251.2,253.18 2 0
mysql_tablespace_recycling/pkg/database/connection.go:253.18,255.3 1 0
mysql_tablespace_recycling/pkg/database/connection.go:257.2,258.16 2 0
mysql_tablespace_recycling/pkg/database/connection.go:258.16,260.3 1 0
mysql_tablespace_recycling/pkg/database/connection.go:262.2,264.24 3 0
mysql_tablespace_recycling/pkg/database/connection.go:264.24,266.3 1 0
mysql_tablespace_recycling/pkg/database/connection.go:268.2,268.48 1 0
mysql_tablespace_recycling/pkg/database/connection.go:268.48,270.3 1 0
mysql_tablespace_recycling/pkg/database/connection.go:272.2,273.30 2 0
mysql_tablespace_recycling/pkg/database/connection.go:273.30,275.3 1 0
mysql_tablespace_recycling/pkg/database/connection.go:277.2,277.20 1 0
