mode: set
mysql_tablespace_recycling/config/config.go:80.33,131.2 1 1
mysql_tablespace_recycling/config/config.go:134.53,137.22 2 1
mysql_tablespace_recycling/config/config.go:137.22,139.3 1 1
mysql_tablespace_recycling/config/config.go:142.2,142.55 1 1
mysql_tablespace_recycling/config/config.go:142.55,144.3 1 1
mysql_tablespace_recycling/config/config.go:146.2,147.16 2 1
mysql_tablespace_recycling/config/config.go:147.16,149.3 1 0
mysql_tablespace_recycling/config/config.go:151.2,151.53 1 1
mysql_tablespace_recycling/config/config.go:151.53,153.3 1 1
mysql_tablespace_recycling/config/config.go:156.2,156.42 1 1
mysql_tablespace_recycling/config/config.go:156.42,158.3 1 1
mysql_tablespace_recycling/config/config.go:160.2,160.20 1 1
mysql_tablespace_recycling/config/config.go:164.40,165.58 1 1
mysql_tablespace_recycling/config/config.go:165.58,167.3 1 1
mysql_tablespace_recycling/config/config.go:168.2,168.58 1 1
mysql_tablespace_recycling/config/config.go:168.58,169.44 1 1
mysql_tablespace_recycling/config/config.go:169.44,171.4 1 1
mysql_tablespace_recycling/config/config.go:173.2,173.58 1 1
mysql_tablespace_recycling/config/config.go:173.58,175.3 1 1
mysql_tablespace_recycling/config/config.go:176.2,176.70 1 1
mysql_tablespace_recycling/config/config.go:176.70,178.3 1 1
mysql_tablespace_recycling/config/config.go:179.2,179.73 1 1
mysql_tablespace_recycling/config/config.go:179.73,181.3 1 1
mysql_tablespace_recycling/config/config.go:182.2,182.79 1 1
mysql_tablespace_recycling/config/config.go:182.79,183.55 1 1
mysql_tablespace_recycling/config/config.go:183.55,185.4 1 1
mysql_tablespace_recycling/config/config.go:187.2,187.71 1 1
mysql_tablespace_recycling/config/config.go:187.71,189.3 1 1
mysql_tablespace_recycling/config/config.go:190.2,190.74 1 1
mysql_tablespace_recycling/config/config.go:190.74,192.3 1 1
mysql_tablespace_recycling/config/config.go:193.2,193.77 1 1
mysql_tablespace_recycling/config/config.go:193.77,195.3 1 1
mysql_tablespace_recycling/config/config.go:196.2,196.77 1 1
mysql_tablespace_recycling/config/config.go:196.77,199.3 2 1
mysql_tablespace_recycling/config/config.go:203.58,206.47 2 1
mysql_tablespace_recycling/config/config.go:206.47,208.3 1 1
mysql_tablespace_recycling/config/config.go:210.2,211.16 2 1
mysql_tablespace_recycling/config/config.go:211.16,213.3 1 0
mysql_tablespace_recycling/config/config.go:215.2,215.61 1 1
mysql_tablespace_recycling/config/config.go:215.61,217.3 1 0
mysql_tablespace_recycling/config/config.go:219.2,219.12 1 1
mysql_tablespace_recycling/config/config.go:223.35,225.67 1 1
mysql_tablespace_recycling/config/config.go:225.67,227.3 1 1
mysql_tablespace_recycling/config/config.go:229.2,229.29 1 1
mysql_tablespace_recycling/config/config.go:229.29,231.3 1 1
mysql_tablespace_recycling/config/config.go:234.2,234.36 1 1
mysql_tablespace_recycling/config/config.go:234.36,236.3 1 1
mysql_tablespace_recycling/config/config.go:238.2,238.40 1 1
mysql_tablespace_recycling/config/config.go:238.40,240.3 1 1
mysql_tablespace_recycling/config/config.go:242.2,242.63 1 1
mysql_tablespace_recycling/config/config.go:242.63,244.3 1 1
mysql_tablespace_recycling/config/config.go:247.2,247.41 1 1
mysql_tablespace_recycling/config/config.go:247.41,249.3 1 1
mysql_tablespace_recycling/config/config.go:252.2,254.39 3 1
mysql_tablespace_recycling/config/config.go:254.39,255.31 1 1
mysql_tablespace_recycling/config/config.go:255.31,257.9 2 1
mysql_tablespace_recycling/config/config.go:260.2,260.17 1 1
mysql_tablespace_recycling/config/config.go:260.17,262.3 1 1
mysql_tablespace_recycling/config/config.go:265.2,265.62 1 1
mysql_tablespace_recycling/config/config.go:265.62,267.3 1 1
mysql_tablespace_recycling/config/config.go:269.2,269.12 1 1
mysql_tablespace_recycling/config/config.go:273.38,277.40 2 1
mysql_tablespace_recycling/config/config.go:277.40,282.3 4 1
mysql_tablespace_recycling/config/config.go:285.2,285.47 1 1
mysql_tablespace_recycling/config/config.go:285.47,290.3 4 1
mysql_tablespace_recycling/config/config.go:293.2,296.14 3 1
mysql_tablespace_recycling/config/config.go:300.30,301.46 1 1
mysql_tablespace_recycling/config/config.go:301.46,302.42 1 1
mysql_tablespace_recycling/config/config.go:302.42,304.4 1 1
mysql_tablespace_recycling/config/config.go:306.2,306.11 1 1
mysql_tablespace_recycling/config/config.go:310.37,371.2 1 1
mysql_tablespace_recycling/config/config.go:375.45,378.45 3 1
mysql_tablespace_recycling/config/config.go:378.45,380.3 1 1
mysql_tablespace_recycling/config/config.go:381.2,381.18 1 1
mysql_tablespace_recycling/config/config.go:384.50,387.29 3 1
mysql_tablespace_recycling/config/config.go:387.29,389.3 1 1
mysql_tablespace_recycling/config/config.go:390.2,390.19 1 1
mysql_tablespace_recycling/pkg/database/connection.go:25.36,27.2 1 1
mysql_tablespace_recycling/pkg/database/connection.go:30.33,33.2 1 1
mysql_tablespace_recycling/pkg/database/connection.go:44.109,46.16 2 0
mysql_tablespace_recycling/pkg/database/connection.go:46.16,48.3 1 0
mysql_tablespace_recycling/pkg/database/connection.go:51.2,59.44 6 0
mysql_tablespace_recycling/pkg/database/connection.go:59.44,62.3 2 0
mysql_tablespace_recycling/pkg/database/connection.go:64.2,74.18 3 0
mysql_tablespace_recycling/pkg/database/connection.go:78.36,79.17 1 0
mysql_tablespace_recycling/pkg/database/connection.go:79.17,83.3 2 0
mysql_tablespace_recycling/pkg/database/connection.go:84.2,84.12 1 0
mysql_tablespace_recycling/pkg/database/connection.go:88.38,90.2 1 0
mysql_tablespace_recycling/pkg/database/connection.go:93.46,95.2 1 0
mysql_tablespace_recycling/pkg/database/connection.go:98.110,100.15 2 0
mysql_tablespace_recycling/pkg/database/connection.go:100.15,105.3 1 0
mysql_tablespace_recycling/pkg/database/connection.go:107.2,110.52 3 0
mysql_tablespace_recycling/pkg/database/connection.go:114.103,116.15 2 0
mysql_tablespace_recycling/pkg/database/connection.go:116.15,121.3 1 0
mysql_tablespace_recycling/pkg/database/connection.go:123.2,126.55 3 0
mysql_tablespace_recycling/pkg/database/connection.go:130.110,132.15 2 0
mysql_tablespace_recycling/pkg/database/connection.go:132.15,137.3 1 0
mysql_tablespace_recycling/pkg/database/connection.go:139.2,142.50 3 0
mysql_tablespace_recycling/pkg/database/connection.go:155.100,171.16 3 0
mysql_tablespace_recycling/pkg/database/connection.go:171.16,173.3 1 0
mysql_tablespace_recycling/pkg/database/connection.go:174.2,177.18 3 0
mysql_tablespace_recycling/pkg/database/connection.go:177.18,180.17 3 0
mysql_tablespace_recycling/pkg/database/connection.go:180.17,182.4 1 0
mysql_tablespace_recycling/pkg/database/connection.go:183.3,183.33 1 0
mysql_tablespace_recycling/pkg/database/connection.go:186.2,186.35 1 0
mysql_tablespace_recycling/pkg/database/connection.go:186.35,188.3 1 0
mysql_tablespace_recycling/pkg/database/connection.go:190.2,190.20 1 0
mysql_tablespace_recycling/pkg/database/connection.go:194.68,199.16 4 0
mysql_tablespace_recycling/pkg/database/connection.go:199.16,201.3 1 0
mysql_tablespace_recycling/pkg/database/connection.go:203.2,203.49 1 0
mysql_tablespace_recycling/pkg/database/connection.go:207.91,211.16 3 0
mysql_tablespace_recycling/pkg/database/connection.go:211.16,213.3 1 0
mysql_tablespace_recycling/pkg/database/connection.go:214.2,217.16 3 0
mysql_tablespace_recycling/pkg/database/connection.go:217.16,219.3 1 0
mysql_tablespace_recycling/pkg/database/connection.go:221.2,222.18 2 0
mysql_tablespace_recycling/pkg/database/connection.go:222.18,225.25 3 0
mysql_tablespace_recycling/pkg/database/connection.go:225.25,227.4 1 0
mysql_tablespace_recycling/pkg/database/connection.go:229.3,229.49 1 0
mysql_tablespace_recycling/pkg/database/connection.go:229.49,231.4 1 0
mysql_tablespace_recycling/pkg/database/connection.go:233.3,234.31 2 0
mysql_tablespace_recycling/pkg/database/connection.go:234.31,236.4 1 0
mysql_tablespace_recycling/pkg/database/connection.go:237.3,237.33 1 0
mysql_tablespace_recycling/pkg/database/connection.go:240.2,240.20 1 0
mysql_tablespace_recycling/pkg/database/connection.go:244.90,248.16 3 0
mysql_tablespace_recycling/pkg/database/connection.go:248.16,250.3 1 0
mysql_tablespace_recycling/pkg/database/connection.go:251.2,253.18 2 0
mysql_tablespace_recycling/pkg/database/connection.go:253.18,255.3 1 0
mysql_tablespace_recycling/pkg/database/connection.go:257.2,258.16 2 0
mysql_tablespace_recycling/pkg/database/connection.go:258.16,260.3 1 0
mysql_tablespace_recycling/pkg/database/connection.go:262.2,264.24 3 0
mysql_tablespace_recycling/pkg/database/connection.go:264.24,266.3 1 0
mysql_tablespace_recycling/pkg/database/connection.go:268.2,268.48 1 0
mysql_tablespace_recycling/pkg/database/connection.go:268.48,270.3 1 0
mysql_tablespace_recycling/pkg/database/connection.go:272.2,273.30 2 0
mysql_tablespace_recycling/pkg/database/connection.go:273.30,275.3 1 0
mysql_tablespace_recycling/pkg/database/connection.go:277.2,277.20 1 0
mysql_tablespace_recycling/pkg/logger/logger.go:22.35,23.11 1 1
mysql_tablespace_recycling/pkg/logger/logger.go:24.13,25.17 1 1
mysql_tablespace_recycling/pkg/logger/logger.go:26.12,27.16 1 1
mysql_tablespace_recycling/pkg/logger/logger.go:28.12,29.16 1 1
mysql_tablespace_recycling/pkg/logger/logger.go:30.13,31.17 1 1
mysql_tablespace_recycling/pkg/logger/logger.go:32.10,33.19 1 1
mysql_tablespace_recycling/pkg/logger/logger.go:54.57,55.19 1 1
mysql_tablespace_recycling/pkg/logger/logger.go:55.19,57.3 1 1
mysql_tablespace_recycling/pkg/logger/logger.go:59.2,62.3 1 1
mysql_tablespace_recycling/pkg/logger/logger.go:66.68,69.2 2 1
mysql_tablespace_recycling/pkg/logger/logger.go:72.46,73.35 1 1
mysql_tablespace_recycling/pkg/logger/logger.go:74.15,75.15 1 1
mysql_tablespace_recycling/pkg/logger/logger.go:76.14,77.14 1 1
mysql_tablespace_recycling/pkg/logger/logger.go:78.25,79.14 1 1
mysql_tablespace_recycling/pkg/logger/logger.go:80.15,81.15 1 1
mysql_tablespace_recycling/pkg/logger/logger.go:82.10,83.14 1 1
mysql_tablespace_recycling/pkg/logger/logger.go:88.50,90.2 1 1
mysql_tablespace_recycling/pkg/logger/logger.go:93.48,95.2 1 1
mysql_tablespace_recycling/pkg/logger/logger.go:98.64,99.22 1 1
mysql_tablespace_recycling/pkg/logger/logger.go:99.22,101.3 1 1
mysql_tablespace_recycling/pkg/logger/logger.go:105.63,106.21 1 1
mysql_tablespace_recycling/pkg/logger/logger.go:106.21,108.3 1 1
mysql_tablespace_recycling/pkg/logger/logger.go:112.63,113.21 1 1
mysql_tablespace_recycling/pkg/logger/logger.go:113.21,115.3 1 1
mysql_tablespace_recycling/pkg/logger/logger.go:119.64,120.22 1 1
mysql_tablespace_recycling/pkg/logger/logger.go:120.22,122.3 1 1
mysql_tablespace_recycling/pkg/logger/logger.go:126.78,128.19 2 1
mysql_tablespace_recycling/pkg/logger/logger.go:128.19,130.3 1 1
mysql_tablespace_recycling/pkg/logger/logger.go:131.2,131.30 1 1
mysql_tablespace_recycling/pkg/logger/logger.go:138.37,140.2 1 1
mysql_tablespace_recycling/pkg/logger/logger.go:143.31,145.2 1 1
mysql_tablespace_recycling/pkg/logger/logger.go:148.45,150.2 1 1
mysql_tablespace_recycling/pkg/logger/logger.go:152.44,154.2 1 1
mysql_tablespace_recycling/pkg/logger/logger.go:156.44,158.2 1 1
mysql_tablespace_recycling/pkg/logger/logger.go:160.45,162.2 1 1
mysql_tablespace_recycling/cmd/analyze.go:53.13,65.2 11 1
mysql_tablespace_recycling/cmd/analyze.go:67.58,70.16 2 0
mysql_tablespace_recycling/cmd/analyze.go:70.16,72.3 1 0
mysql_tablespace_recycling/cmd/analyze.go:75.2,76.16 2 0
mysql_tablespace_recycling/cmd/analyze.go:76.16,78.3 1 0
mysql_tablespace_recycling/cmd/analyze.go:80.2,81.16 2 0
mysql_tablespace_recycling/cmd/analyze.go:81.16,83.3 1 0
mysql_tablespace_recycling/cmd/analyze.go:85.2,86.26 2 0
mysql_tablespace_recycling/cmd/analyze.go:86.26,88.17 2 0
mysql_tablespace_recycling/cmd/analyze.go:88.17,90.4 1 0
mysql_tablespace_recycling/cmd/analyze.go:94.2,115.13 6 0
mysql_tablespace_recycling/cmd/analyze.go:115.13,117.3 1 0
mysql_tablespace_recycling/cmd/analyze.go:119.2,120.16 2 0
mysql_tablespace_recycling/cmd/analyze.go:120.16,122.3 1 0
mysql_tablespace_recycling/cmd/analyze.go:125.2,125.23 1 0
mysql_tablespace_recycling/cmd/analyze.go:126.14,127.27 1 0
mysql_tablespace_recycling/cmd/analyze.go:128.15,129.37 1 0
mysql_tablespace_recycling/cmd/analyze.go:130.10,131.68 1 0
mysql_tablespace_recycling/cmd/analyze.go:136.47,137.19 1 0
mysql_tablespace_recycling/cmd/analyze.go:137.19,139.3 1 0
mysql_tablespace_recycling/cmd/analyze.go:141.2,146.38 4 0
mysql_tablespace_recycling/cmd/analyze.go:146.38,149.3 2 0
mysql_tablespace_recycling/cmd/analyze.go:149.8,149.45 1 0
mysql_tablespace_recycling/cmd/analyze.go:149.45,152.3 2 0
mysql_tablespace_recycling/cmd/analyze.go:152.8,152.45 1 0
mysql_tablespace_recycling/cmd/analyze.go:152.45,155.3 2 0
mysql_tablespace_recycling/cmd/analyze.go:155.8,155.44 1 0
mysql_tablespace_recycling/cmd/analyze.go:155.44,158.3 2 0
mysql_tablespace_recycling/cmd/analyze.go:158.8,161.3 1 0
mysql_tablespace_recycling/cmd/analyze.go:163.2,164.16 2 0
mysql_tablespace_recycling/cmd/analyze.go:164.16,166.3 1 0
mysql_tablespace_recycling/cmd/analyze.go:168.2,168.46 1 0
mysql_tablespace_recycling/cmd/analyze.go:172.70,185.37 11 0
mysql_tablespace_recycling/cmd/analyze.go:185.37,187.3 1 0
mysql_tablespace_recycling/cmd/analyze.go:189.2,192.39 2 0
mysql_tablespace_recycling/cmd/analyze.go:192.39,195.3 2 0
mysql_tablespace_recycling/cmd/analyze.go:198.2,208.48 8 0
mysql_tablespace_recycling/cmd/analyze.go:208.48,211.21 3 0
mysql_tablespace_recycling/cmd/analyze.go:211.21,213.4 1 0
mysql_tablespace_recycling/cmd/analyze.go:215.3,227.51 2 0
mysql_tablespace_recycling/cmd/analyze.go:227.51,230.9 3 0
mysql_tablespace_recycling/cmd/analyze.go:233.2,236.40 2 0
mysql_tablespace_recycling/cmd/analyze.go:236.40,241.3 1 0
mysql_tablespace_recycling/cmd/analyze.go:244.2,244.37 1 0
mysql_tablespace_recycling/cmd/analyze.go:244.37,249.3 1 0
mysql_tablespace_recycling/cmd/analyze.go:252.2,252.40 1 0
mysql_tablespace_recycling/cmd/analyze.go:252.40,255.52 3 0
mysql_tablespace_recycling/cmd/analyze.go:255.52,257.4 1 0
mysql_tablespace_recycling/cmd/analyze.go:260.2,260.12 1 0
mysql_tablespace_recycling/cmd/analyze.go:264.49,265.18 1 0
mysql_tablespace_recycling/cmd/analyze.go:266.16,267.18 1 0
mysql_tablespace_recycling/cmd/analyze.go:268.18,269.18 1 0
mysql_tablespace_recycling/cmd/analyze.go:270.14,271.18 1 0
mysql_tablespace_recycling/cmd/analyze.go:272.17,273.18 1 0
mysql_tablespace_recycling/cmd/analyze.go:274.10,275.18 1 0
mysql_tablespace_recycling/cmd/reclaim.go:71.13,88.2 14 1
mysql_tablespace_recycling/cmd/reclaim.go:90.58,93.16 2 0
mysql_tablespace_recycling/cmd/reclaim.go:93.16,95.3 1 0
mysql_tablespace_recycling/cmd/reclaim.go:98.2,99.16 2 0
mysql_tablespace_recycling/cmd/reclaim.go:99.16,101.3 1 0
mysql_tablespace_recycling/cmd/reclaim.go:103.2,104.16 2 0
mysql_tablespace_recycling/cmd/reclaim.go:104.16,106.3 1 0
mysql_tablespace_recycling/cmd/reclaim.go:108.2,109.26 2 0
mysql_tablespace_recycling/cmd/reclaim.go:109.26,111.17 2 0
mysql_tablespace_recycling/cmd/reclaim.go:111.17,113.4 1 0
mysql_tablespace_recycling/cmd/reclaim.go:117.2,147.13 12 0
mysql_tablespace_recycling/cmd/reclaim.go:147.13,149.3 1 0
mysql_tablespace_recycling/cmd/reclaim.go:151.2,167.16 5 0
mysql_tablespace_recycling/cmd/reclaim.go:167.16,169.3 1 0
mysql_tablespace_recycling/cmd/reclaim.go:171.2,171.39 1 0
mysql_tablespace_recycling/cmd/reclaim.go:171.39,174.3 2 0
mysql_tablespace_recycling/cmd/reclaim.go:177.2,186.16 4 0
mysql_tablespace_recycling/cmd/reclaim.go:186.16,188.3 1 0
mysql_tablespace_recycling/cmd/reclaim.go:191.2,222.47 3 0
mysql_tablespace_recycling/cmd/reclaim.go:222.47,224.3 1 0
mysql_tablespace_recycling/cmd/reclaim.go:227.2,227.20 1 0
mysql_tablespace_recycling/cmd/reclaim.go:227.20,230.20 3 0
mysql_tablespace_recycling/cmd/reclaim.go:230.20,232.4 1 0
mysql_tablespace_recycling/cmd/reclaim.go:232.9,235.4 2 0
mysql_tablespace_recycling/cmd/reclaim.go:236.3,236.41 1 0
mysql_tablespace_recycling/cmd/reclaim.go:236.41,239.4 2 0
mysql_tablespace_recycling/cmd/reclaim.go:243.2,243.56 1 0
mysql_tablespace_recycling/cmd/reclaim.go:243.56,245.3 1 0
mysql_tablespace_recycling/cmd/reclaim.go:248.2,248.88 1 0
mysql_tablespace_recycling/cmd/reclaim.go:248.88,249.83 1 0
mysql_tablespace_recycling/cmd/reclaim.go:249.83,252.20 2 0
mysql_tablespace_recycling/cmd/reclaim.go:252.20,255.5 1 0
mysql_tablespace_recycling/cmd/reclaim.go:255.10,258.5 1 0
mysql_tablespace_recycling/cmd/reclaim.go:263.2,266.89 2 0
mysql_tablespace_recycling/cmd/reclaim.go:266.89,268.3 1 0
mysql_tablespace_recycling/cmd/reclaim.go:270.2,273.88 2 0
mysql_tablespace_recycling/cmd/reclaim.go:273.88,275.3 1 0
mysql_tablespace_recycling/cmd/reclaim.go:277.2,277.16 1 0
mysql_tablespace_recycling/cmd/reclaim.go:277.16,279.3 1 0
mysql_tablespace_recycling/cmd/reclaim.go:282.2,282.35 1 0
mysql_tablespace_recycling/cmd/reclaim.go:286.57,293.50 6 0
mysql_tablespace_recycling/cmd/reclaim.go:293.50,295.3 1 0
mysql_tablespace_recycling/cmd/reclaim.go:296.2,300.24 4 0
mysql_tablespace_recycling/cmd/reclaim.go:300.24,302.3 1 0
mysql_tablespace_recycling/cmd/reclaim.go:302.8,304.3 1 0
mysql_tablespace_recycling/cmd/reclaim.go:306.2,315.36 7 0
mysql_tablespace_recycling/cmd/reclaim.go:315.36,316.18 1 0
mysql_tablespace_recycling/cmd/reclaim.go:316.18,319.9 3 0
mysql_tablespace_recycling/cmd/reclaim.go:323.3,333.10 3 0
mysql_tablespace_recycling/cmd/reclaim.go:335.2,337.12 2 0
mysql_tablespace_recycling/cmd/reclaim.go:341.53,350.2 1 0
mysql_tablespace_recycling/cmd/reclaim.go:353.59,355.66 1 0
mysql_tablespace_recycling/cmd/reclaim.go:355.66,358.3 1 0
mysql_tablespace_recycling/cmd/reclaim.go:358.8,358.41 1 0
mysql_tablespace_recycling/cmd/reclaim.go:358.41,366.3 2 0
mysql_tablespace_recycling/cmd/reclaim.go:370.63,380.33 8 0
mysql_tablespace_recycling/cmd/reclaim.go:380.33,383.3 2 0
mysql_tablespace_recycling/cmd/reclaim.go:386.2,386.28 1 0
mysql_tablespace_recycling/cmd/reclaim.go:386.28,388.37 2 0
mysql_tablespace_recycling/cmd/reclaim.go:388.37,390.4 1 0
mysql_tablespace_recycling/cmd/reclaim.go:393.2,393.30 1 0
mysql_tablespace_recycling/cmd/reclaim.go:393.30,395.43 2 0
mysql_tablespace_recycling/cmd/reclaim.go:395.43,397.4 1 0
mysql_tablespace_recycling/cmd/reclaim.go:401.2,401.34 1 0
mysql_tablespace_recycling/cmd/reclaim.go:401.34,407.42 5 0
mysql_tablespace_recycling/cmd/reclaim.go:407.42,409.29 2 0
mysql_tablespace_recycling/cmd/reclaim.go:409.29,411.5 1 0
mysql_tablespace_recycling/cmd/reclaim.go:411.10,411.37 1 0
mysql_tablespace_recycling/cmd/reclaim.go:411.37,413.5 1 0
mysql_tablespace_recycling/cmd/reclaim.go:415.4,416.22 2 0
mysql_tablespace_recycling/cmd/reclaim.go:416.22,418.23 2 0
mysql_tablespace_recycling/cmd/reclaim.go:418.23,420.6 1 0
mysql_tablespace_recycling/cmd/reclaim.go:423.4,430.5 1 0
mysql_tablespace_recycling/cmd/reclaim.go:432.3,432.12 1 0
mysql_tablespace_recycling/cmd/reclaim.go:435.2,435.12 1 0
mysql_tablespace_recycling/cmd/reclaim.go:439.81,445.28 3 0
mysql_tablespace_recycling/cmd/reclaim.go:445.28,447.3 1 0
mysql_tablespace_recycling/cmd/reclaim.go:447.8,447.34 1 0
mysql_tablespace_recycling/cmd/reclaim.go:447.34,449.3 1 0
mysql_tablespace_recycling/cmd/reclaim.go:451.2,451.63 1 0
mysql_tablespace_recycling/cmd/reclaim.go:459.117,470.2 2 0
mysql_tablespace_recycling/cmd/root.go:54.13,79.2 17 1
mysql_tablespace_recycling/cmd/root.go:82.58,85.19 2 0
mysql_tablespace_recycling/cmd/root.go:85.19,87.3 1 0
mysql_tablespace_recycling/cmd/root.go:88.2,89.16 2 0
mysql_tablespace_recycling/cmd/root.go:89.16,92.3 2 0
mysql_tablespace_recycling/cmd/root.go:95.2,99.13 3 0
mysql_tablespace_recycling/cmd/root.go:99.13,101.3 1 0
mysql_tablespace_recycling/cmd/root.go:104.2,104.44 1 0
mysql_tablespace_recycling/cmd/root.go:104.44,106.3 1 0
mysql_tablespace_recycling/cmd/root.go:108.2,109.60 2 0
mysql_tablespace_recycling/cmd/root.go:109.60,111.17 2 0
mysql_tablespace_recycling/cmd/root.go:111.17,114.4 2 0
mysql_tablespace_recycling/cmd/root.go:117.2,117.19 1 0
mysql_tablespace_recycling/cmd/root.go:117.19,119.3 1 0
mysql_tablespace_recycling/cmd/root.go:121.2,124.41 3 0
mysql_tablespace_recycling/cmd/root.go:124.41,126.3 1 0
mysql_tablespace_recycling/cmd/root.go:130.16,131.42 1 0
mysql_tablespace_recycling/cmd/root.go:131.42,134.3 2 0
mysql_tablespace_recycling/cmd/root.go:146.52,148.16 2 0
mysql_tablespace_recycling/cmd/root.go:148.16,150.3 1 0
mysql_tablespace_recycling/cmd/root.go:152.2,153.16 2 0
mysql_tablespace_recycling/cmd/root.go:153.16,155.3 1 0
mysql_tablespace_recycling/cmd/root.go:157.2,158.16 2 0
mysql_tablespace_recycling/cmd/root.go:158.16,160.3 1 0
mysql_tablespace_recycling/cmd/root.go:162.2,163.16 2 0
mysql_tablespace_recycling/cmd/root.go:163.16,165.3 1 0
mysql_tablespace_recycling/cmd/root.go:167.2,172.8 1 0
mysql_tablespace_recycling/cmd/root.go:176.46,178.16 2 0
mysql_tablespace_recycling/cmd/root.go:178.16,180.3 1 0
mysql_tablespace_recycling/cmd/root.go:182.2,189.8 1 0
mysql_tablespace_recycling/cmd/root.go:202.49,202.66 1 0
mysql_tablespace_recycling/cmd/root.go:203.49,203.66 1 0
mysql_tablespace_recycling/cmd/root.go:204.49,204.70 1 0
mysql_tablespace_recycling/cmd/root.go:205.49,205.70 1 0
mysql_tablespace_recycling/cmd/root.go:206.49,206.70 1 0
mysql_tablespace_recycling/cmd/root.go:207.49,207.69 1 0
mysql_tablespace_recycling/cmd/root.go:208.49,208.96 1 0
mysql_tablespace_recycling/cmd/root.go:209.48,209.105 1 0
mysql_tablespace_recycling/cmd/root.go:212.64,221.2 1 0
mysql_tablespace_recycling/cmd/root.go:226.114,237.2 2 0
mysql_tablespace_recycling/cmd/root.go:240.40,244.2 3 0
mysql_tablespace_recycling/cmd/root.go:247.38,248.18 1 0
mysql_tablespace_recycling/cmd/root.go:248.18,250.3 1 0
mysql_tablespace_recycling/cmd/root.go:250.8,250.30 1 0
mysql_tablespace_recycling/cmd/root.go:250.30,252.3 1 0
mysql_tablespace_recycling/cmd/root.go:252.8,252.35 1 0
mysql_tablespace_recycling/cmd/root.go:252.35,254.3 1 0
mysql_tablespace_recycling/cmd/root.go:254.8,256.3 1 0
mysql_tablespace_recycling/cmd/root.go:260.45,261.21 1 0
mysql_tablespace_recycling/cmd/root.go:261.21,263.3 1 0
mysql_tablespace_recycling/cmd/root.go:263.8,263.26 1 0
mysql_tablespace_recycling/cmd/root.go:263.26,265.3 1 0
mysql_tablespace_recycling/cmd/root.go:265.8,267.3 1 0
mysql_tablespace_recycling/cmd/status.go:51.13,60.2 6 1
mysql_tablespace_recycling/cmd/status.go:62.57,72.72 4 0
mysql_tablespace_recycling/cmd/status.go:72.72,73.66 1 0
mysql_tablespace_recycling/cmd/status.go:73.66,75.4 1 0
mysql_tablespace_recycling/cmd/status.go:79.2,79.17 1 0
mysql_tablespace_recycling/cmd/status.go:79.17,81.3 1 0
mysql_tablespace_recycling/cmd/status.go:84.2,84.24 1 0
mysql_tablespace_recycling/cmd/status.go:84.24,86.3 1 0
mysql_tablespace_recycling/cmd/status.go:89.2,89.19 1 0
mysql_tablespace_recycling/cmd/status.go:89.19,91.3 1 0
mysql_tablespace_recycling/cmd/status.go:94.2,94.49 1 0
mysql_tablespace_recycling/cmd/status.go:98.69,101.16 2 0
mysql_tablespace_recycling/cmd/status.go:101.16,103.3 1 0
mysql_tablespace_recycling/cmd/status.go:106.2,108.28 2 0
mysql_tablespace_recycling/cmd/status.go:108.28,115.3 2 0
mysql_tablespace_recycling/cmd/status.go:118.2,133.35 13 0
mysql_tablespace_recycling/cmd/status.go:133.35,135.3 1 0
mysql_tablespace_recycling/cmd/status.go:137.2,137.37 1 0
mysql_tablespace_recycling/cmd/status.go:137.37,139.3 1 0
mysql_tablespace_recycling/cmd/status.go:140.2,143.27 2 0
mysql_tablespace_recycling/cmd/status.go:143.27,146.3 2 0
mysql_tablespace_recycling/cmd/status.go:148.2,151.35 3 0
mysql_tablespace_recycling/cmd/status.go:151.35,154.3 2 0
mysql_tablespace_recycling/cmd/status.go:156.2,156.12 1 0
mysql_tablespace_recycling/cmd/status.go:160.75,162.16 2 0
mysql_tablespace_recycling/cmd/status.go:162.16,164.3 1 0
mysql_tablespace_recycling/cmd/status.go:166.2,166.28 1 0
mysql_tablespace_recycling/cmd/status.go:166.28,168.3 1 0
mysql_tablespace_recycling/cmd/status.go:171.2,178.33 7 0
mysql_tablespace_recycling/cmd/status.go:178.33,180.3 1 0
mysql_tablespace_recycling/cmd/status.go:181.2,184.33 3 0
mysql_tablespace_recycling/cmd/status.go:184.33,186.3 1 0
mysql_tablespace_recycling/cmd/status.go:188.2,188.35 1 0
mysql_tablespace_recycling/cmd/status.go:188.35,192.3 3 0
mysql_tablespace_recycling/cmd/status.go:194.2,198.32 3 0
mysql_tablespace_recycling/cmd/status.go:198.32,207.34 6 0
mysql_tablespace_recycling/cmd/status.go:207.34,209.4 1 0
mysql_tablespace_recycling/cmd/status.go:211.3,214.38 3 0
mysql_tablespace_recycling/cmd/status.go:214.38,216.4 1 0
mysql_tablespace_recycling/cmd/status.go:218.3,218.30 1 0
mysql_tablespace_recycling/cmd/status.go:218.30,220.4 1 0
mysql_tablespace_recycling/cmd/status.go:221.3,221.16 1 0
mysql_tablespace_recycling/cmd/status.go:225.2,225.30 1 0
mysql_tablespace_recycling/cmd/status.go:225.30,235.29 8 0
mysql_tablespace_recycling/cmd/status.go:235.29,237.38 2 0
mysql_tablespace_recycling/cmd/status.go:237.38,239.5 1 0
mysql_tablespace_recycling/cmd/status.go:242.3,242.31 1 0
mysql_tablespace_recycling/cmd/status.go:242.31,244.44 2 0
mysql_tablespace_recycling/cmd/status.go:244.44,246.5 1 0
mysql_tablespace_recycling/cmd/status.go:251.2,251.35 1 0
mysql_tablespace_recycling/cmd/status.go:251.35,253.3 1 0
mysql_tablespace_recycling/cmd/status.go:256.2,256.34 1 0
mysql_tablespace_recycling/cmd/status.go:256.34,258.47 2 0
mysql_tablespace_recycling/cmd/status.go:258.47,260.4 1 0
mysql_tablespace_recycling/cmd/status.go:263.2,263.12 1 0
mysql_tablespace_recycling/cmd/status.go:267.61,269.16 2 0
mysql_tablespace_recycling/cmd/status.go:269.16,271.3 1 0
mysql_tablespace_recycling/cmd/status.go:273.2,273.28 1 0
mysql_tablespace_recycling/cmd/status.go:273.28,275.3 1 0
mysql_tablespace_recycling/cmd/status.go:277.2,277.23 1 0
mysql_tablespace_recycling/cmd/status.go:277.23,280.3 2 0
mysql_tablespace_recycling/cmd/status.go:282.2,289.31 6 0
mysql_tablespace_recycling/cmd/status.go:289.31,291.28 2 0
mysql_tablespace_recycling/cmd/status.go:291.28,293.4 1 0
mysql_tablespace_recycling/cmd/status.go:295.3,297.30 3 0
mysql_tablespace_recycling/cmd/status.go:297.30,299.29 2 0
mysql_tablespace_recycling/cmd/status.go:299.29,301.5 1 0
mysql_tablespace_recycling/cmd/status.go:304.3,305.25 2 0
mysql_tablespace_recycling/cmd/status.go:305.25,307.4 1 0
mysql_tablespace_recycling/cmd/status.go:310.3,311.23 2 0
mysql_tablespace_recycling/cmd/status.go:311.23,313.4 1 0
mysql_tablespace_recycling/cmd/status.go:315.3,323.4 1 0
mysql_tablespace_recycling/cmd/status.go:325.2,327.12 2 0
mysql_tablespace_recycling/cmd/status.go:331.58,334.6 2 0
mysql_tablespace_recycling/cmd/status.go:334.6,336.73 1 0
mysql_tablespace_recycling/cmd/status.go:336.73,337.67 1 0
mysql_tablespace_recycling/cmd/status.go:337.67,339.5 1 0
mysql_tablespace_recycling/cmd/status.go:343.3,352.17 6 0
mysql_tablespace_recycling/cmd/status.go:352.17,354.4 1 0
mysql_tablespace_recycling/cmd/status.go:354.9,354.35 1 0
mysql_tablespace_recycling/cmd/status.go:354.35,356.4 1 0
mysql_tablespace_recycling/cmd/status.go:356.9,357.37 1 0
mysql_tablespace_recycling/cmd/status.go:357.37,360.5 2 0
mysql_tablespace_recycling/cmd/status.go:364.3,372.30 3 0
mysql_tablespace_recycling/cmd/status.go:377.49,384.27 5 0
mysql_tablespace_recycling/cmd/status.go:384.27,386.3 1 0
mysql_tablespace_recycling/cmd/status.go:387.2,391.27 4 0
mysql_tablespace_recycling/cmd/status.go:391.27,394.3 2 0
mysql_tablespace_recycling/cmd/status.go:396.2,396.26 1 0
mysql_tablespace_recycling/cmd/status.go:396.26,405.34 4 0
mysql_tablespace_recycling/cmd/status.go:405.34,407.37 2 0
mysql_tablespace_recycling/cmd/status.go:407.37,409.5 1 0
mysql_tablespace_recycling/cmd/status.go:412.3,412.33 1 0
mysql_tablespace_recycling/cmd/status.go:412.33,414.4 1 0
mysql_tablespace_recycling/cmd/status.go:416.3,416.34 1 0
mysql_tablespace_recycling/cmd/status.go:416.34,418.4 1 0
mysql_tablespace_recycling/cmd/status.go:420.3,420.38 1 0
mysql_tablespace_recycling/cmd/status.go:420.38,422.4 1 0
mysql_tablespace_recycling/cmd/status.go:424.3,424.30 1 0
mysql_tablespace_recycling/cmd/status.go:424.30,426.4 1 0
mysql_tablespace_recycling/cmd/status.go:429.3,429.60 1 0
mysql_tablespace_recycling/cmd/status.go:429.60,433.4 3 0
mysql_tablespace_recycling/cmd/status.go:438.50,445.27 5 0
mysql_tablespace_recycling/cmd/status.go:445.27,447.3 1 0
mysql_tablespace_recycling/cmd/status.go:448.2,452.27 3 0
mysql_tablespace_recycling/cmd/status.go:452.27,455.3 2 0
mysql_tablespace_recycling/cmd/status.go:457.2,457.26 1 0
mysql_tablespace_recycling/cmd/status.go:457.26,465.34 6 0
mysql_tablespace_recycling/cmd/status.go:465.34,466.24 1 0
mysql_tablespace_recycling/cmd/status.go:466.24,468.5 1 0
mysql_tablespace_recycling/cmd/status.go:468.10,470.5 1 0
mysql_tablespace_recycling/cmd/status.go:472.3,477.34 3 0
mysql_tablespace_recycling/cmd/status.go:477.34,479.37 2 0
mysql_tablespace_recycling/cmd/status.go:479.37,481.5 1 0
mysql_tablespace_recycling/cmd/status.go:482.4,482.20 1 0
mysql_tablespace_recycling/cmd/status.go:486.3,486.33 1 0
mysql_tablespace_recycling/cmd/status.go:486.33,488.64 2 0
mysql_tablespace_recycling/cmd/status.go:488.64,492.48 3 0
mysql_tablespace_recycling/cmd/status.go:492.48,495.6 2 0
mysql_tablespace_recycling/cmd/status.go:497.4,497.20 1 0
mysql_tablespace_recycling/cmd/status.go:500.3,500.34 1 0
mysql_tablespace_recycling/cmd/status.go:500.34,502.34 2 0
mysql_tablespace_recycling/cmd/status.go:502.34,505.5 2 0
mysql_tablespace_recycling/cmd/status.go:506.4,506.20 1 0
mysql_tablespace_recycling/cmd/status.go:510.3,510.60 1 0
mysql_tablespace_recycling/cmd/status.go:510.60,517.27 5 0
mysql_tablespace_recycling/cmd/status.go:517.27,519.5 1 0
mysql_tablespace_recycling/cmd/status.go:520.4,520.20 1 0
mysql_tablespace_recycling/cmd/status.go:523.3,523.38 1 0
mysql_tablespace_recycling/cmd/status.go:523.38,530.4 4 0
mysql_tablespace_recycling/cmd/status.go:532.3,532.30 1 0
mysql_tablespace_recycling/cmd/status.go:532.30,534.4 1 0
mysql_tablespace_recycling/cmd/status.go:537.3,537.40 1 0
mysql_tablespace_recycling/cmd/status.go:537.40,539.4 1 0
mysql_tablespace_recycling/cmd/status.go:539.9,541.4 1 0
mysql_tablespace_recycling/cmd/status.go:542.8,544.3 1 0
mysql_tablespace_recycling/cmd/status.go:548.58,549.16 1 0
mysql_tablespace_recycling/cmd/status.go:550.30,551.25 1 0
mysql_tablespace_recycling/cmd/status.go:552.30,553.26 1 0
mysql_tablespace_recycling/cmd/status.go:554.32,555.25 1 0
mysql_tablespace_recycling/cmd/status.go:556.29,557.22 1 0
mysql_tablespace_recycling/cmd/status.go:558.32,559.28 1 0
mysql_tablespace_recycling/cmd/status.go:560.29,561.28 1 0
mysql_tablespace_recycling/cmd/status.go:562.10,563.22 1 0
mysql_tablespace_recycling/cmd/topology.go:40.13,44.2 3 1
mysql_tablespace_recycling/cmd/topology.go:46.59,49.16 2 0
mysql_tablespace_recycling/cmd/topology.go:49.16,51.3 1 0
mysql_tablespace_recycling/cmd/topology.go:54.2,66.13 6 0
mysql_tablespace_recycling/cmd/topology.go:66.13,68.3 1 0
mysql_tablespace_recycling/cmd/topology.go:70.2,71.16 2 0
mysql_tablespace_recycling/cmd/topology.go:71.16,73.3 1 0
mysql_tablespace_recycling/cmd/topology.go:76.2,76.24 1 0
mysql_tablespace_recycling/cmd/topology.go:77.14,78.29 1 0
mysql_tablespace_recycling/cmd/topology.go:79.15,80.39 1 0
mysql_tablespace_recycling/cmd/topology.go:81.10,82.69 1 0
mysql_tablespace_recycling/cmd/topology.go:87.67,95.32 6 0
mysql_tablespace_recycling/cmd/topology.go:95.32,101.3 5 0
mysql_tablespace_recycling/cmd/topology.go:104.2,104.34 1 0
mysql_tablespace_recycling/cmd/topology.go:104.34,111.45 6 0
mysql_tablespace_recycling/cmd/topology.go:111.45,113.21 2 0
mysql_tablespace_recycling/cmd/topology.go:113.21,114.13 1 0
mysql_tablespace_recycling/cmd/topology.go:117.4,118.25 2 0
mysql_tablespace_recycling/cmd/topology.go:118.25,120.5 1 0
mysql_tablespace_recycling/cmd/topology.go:122.4,124.33 3 0
mysql_tablespace_recycling/cmd/topology.go:124.33,126.39 2 0
mysql_tablespace_recycling/cmd/topology.go:126.39,128.6 1 0
mysql_tablespace_recycling/cmd/topology.go:128.11,130.6 1 0
mysql_tablespace_recycling/cmd/topology.go:131.5,131.54 1 0
mysql_tablespace_recycling/cmd/topology.go:131.54,133.6 1 0
mysql_tablespace_recycling/cmd/topology.go:136.4,147.5 3 0
mysql_tablespace_recycling/cmd/topology.go:149.3,150.16 2 0
mysql_tablespace_recycling/cmd/topology.go:154.2,154.37 1 0
mysql_tablespace_recycling/cmd/topology.go:154.37,158.3 3 0
mysql_tablespace_recycling/cmd/topology.go:160.2,160.12 1 0
mysql_tablespace_recycling/cmd/topology.go:164.87,166.19 2 0
mysql_tablespace_recycling/cmd/topology.go:166.19,172.3 5 0
mysql_tablespace_recycling/cmd/topology.go:176.99,177.17 1 0
mysql_tablespace_recycling/cmd/topology.go:177.17,179.3 1 0
mysql_tablespace_recycling/cmd/topology.go:181.2,182.29 2 0
mysql_tablespace_recycling/cmd/topology.go:182.29,183.19 1 0
mysql_tablespace_recycling/cmd/topology.go:183.19,185.4 1 0
mysql_tablespace_recycling/cmd/topology.go:185.9,187.4 1 0
mysql_tablespace_recycling/cmd/topology.go:190.2,190.16 1 0
mysql_tablespace_recycling/cmd/topology.go:190.16,192.3 1 0
mysql_tablespace_recycling/cmd/topology.go:192.8,195.49 3 0
mysql_tablespace_recycling/cmd/topology.go:195.49,196.38 1 0
mysql_tablespace_recycling/cmd/topology.go:196.38,198.5 1 0
mysql_tablespace_recycling/cmd/topology.go:198.10,200.5 1 0
mysql_tablespace_recycling/cmd/topology.go:201.4,201.65 1 0
mysql_tablespace_recycling/cmd/topology.go:201.65,203.5 1 0
mysql_tablespace_recycling/cmd/topology.go:205.3,205.61 1 0
mysql_tablespace_recycling/cmd/topology.go:209.2,210.45 2 0
mysql_tablespace_recycling/cmd/topology.go:210.45,212.3 1 0
mysql_tablespace_recycling/cmd/utils.go:9.50,10.19 1 1
mysql_tablespace_recycling/cmd/utils.go:10.19,12.3 1 1
mysql_tablespace_recycling/cmd/utils.go:14.2,21.38 5 1
mysql_tablespace_recycling/cmd/utils.go:21.38,24.3 2 1
mysql_tablespace_recycling/cmd/utils.go:24.8,24.45 1 1
mysql_tablespace_recycling/cmd/utils.go:24.45,27.3 2 1
mysql_tablespace_recycling/cmd/utils.go:27.8,27.45 1 1
mysql_tablespace_recycling/cmd/utils.go:27.45,30.3 2 1
mysql_tablespace_recycling/cmd/utils.go:30.8,30.45 1 1
mysql_tablespace_recycling/cmd/utils.go:30.45,33.3 2 1
mysql_tablespace_recycling/cmd/utils.go:33.8,33.44 1 1
mysql_tablespace_recycling/cmd/utils.go:33.44,36.3 2 1
mysql_tablespace_recycling/cmd/utils.go:36.8,39.29 2 1
mysql_tablespace_recycling/cmd/utils.go:39.29,40.56 1 1
mysql_tablespace_recycling/cmd/utils.go:40.56,42.5 1 1
mysql_tablespace_recycling/cmd/utils.go:47.2,47.18 1 1
mysql_tablespace_recycling/cmd/utils.go:47.18,49.3 1 1
mysql_tablespace_recycling/cmd/utils.go:52.2,52.36 1 1
mysql_tablespace_recycling/cmd/utils.go:52.36,54.3 1 1
mysql_tablespace_recycling/cmd/utils.go:56.2,58.38 3 1
mysql_tablespace_recycling/cmd/utils.go:58.38,60.3 1 1
mysql_tablespace_recycling/cmd/utils.go:63.2,64.25 2 1
mysql_tablespace_recycling/cmd/utils.go:64.25,68.39 3 1
mysql_tablespace_recycling/cmd/utils.go:68.39,70.4 1 1
mysql_tablespace_recycling/cmd/utils.go:73.2,73.47 1 1
mysql_tablespace_recycling/cmd/validate.go:47.13,50.2 2 1
mysql_tablespace_recycling/cmd/validate.go:52.59,55.16 2 0
mysql_tablespace_recycling/cmd/validate.go:55.16,57.3 1 0
mysql_tablespace_recycling/cmd/validate.go:60.2,73.13 7 0
mysql_tablespace_recycling/cmd/validate.go:73.13,75.3 1 0
mysql_tablespace_recycling/cmd/validate.go:77.2,79.16 3 0
mysql_tablespace_recycling/cmd/validate.go:79.16,81.3 1 0
mysql_tablespace_recycling/cmd/validate.go:84.2,84.24 1 0
mysql_tablespace_recycling/cmd/validate.go:85.14,86.27 1 0
mysql_tablespace_recycling/cmd/validate.go:87.15,88.51 1 0
mysql_tablespace_recycling/cmd/validate.go:89.10,90.69 1 0
mysql_tablespace_recycling/cmd/validate.go:95.98,107.21 9 0
mysql_tablespace_recycling/cmd/validate.go:107.21,109.3 1 0
mysql_tablespace_recycling/cmd/validate.go:110.2,114.21 4 0
mysql_tablespace_recycling/cmd/validate.go:114.21,116.3 1 0
mysql_tablespace_recycling/cmd/validate.go:117.2,123.50 5 0
mysql_tablespace_recycling/cmd/validate.go:123.50,125.3 1 0
mysql_tablespace_recycling/cmd/validate.go:126.2,129.34 2 0
mysql_tablespace_recycling/cmd/validate.go:129.34,138.38 7 0
mysql_tablespace_recycling/cmd/validate.go:138.38,140.4 1 0
mysql_tablespace_recycling/cmd/validate.go:141.3,143.42 2 0
mysql_tablespace_recycling/cmd/validate.go:143.42,145.4 1 0
mysql_tablespace_recycling/cmd/validate.go:147.3,150.35 3 0
mysql_tablespace_recycling/cmd/validate.go:150.35,152.4 1 0
mysql_tablespace_recycling/cmd/validate.go:153.3,155.47 2 0
mysql_tablespace_recycling/cmd/validate.go:155.47,157.4 1 0
mysql_tablespace_recycling/cmd/validate.go:159.3,159.43 1 0
mysql_tablespace_recycling/cmd/validate.go:159.43,161.4 1 0
mysql_tablespace_recycling/cmd/validate.go:161.9,163.4 1 0
mysql_tablespace_recycling/cmd/validate.go:165.3,165.43 1 0
mysql_tablespace_recycling/cmd/validate.go:165.43,167.4 1 0
mysql_tablespace_recycling/cmd/validate.go:169.3,170.16 2 0
mysql_tablespace_recycling/cmd/validate.go:174.2,174.29 1 0
mysql_tablespace_recycling/cmd/validate.go:174.29,177.41 3 0
mysql_tablespace_recycling/cmd/validate.go:177.41,179.4 1 0
mysql_tablespace_recycling/cmd/validate.go:180.3,180.16 1 0
mysql_tablespace_recycling/cmd/validate.go:184.2,184.37 1 0
mysql_tablespace_recycling/cmd/validate.go:184.37,192.3 7 0
mysql_tablespace_recycling/cmd/validate.go:195.2,195.30 1 0
mysql_tablespace_recycling/cmd/validate.go:195.30,198.43 3 0
mysql_tablespace_recycling/cmd/validate.go:198.43,200.4 1 0
mysql_tablespace_recycling/cmd/validate.go:201.3,201.16 1 0
mysql_tablespace_recycling/cmd/validate.go:205.2,207.21 3 0
mysql_tablespace_recycling/cmd/validate.go:207.21,212.3 4 0
mysql_tablespace_recycling/cmd/validate.go:212.8,217.96 4 0
mysql_tablespace_recycling/cmd/validate.go:217.96,219.4 1 0
mysql_tablespace_recycling/cmd/validate.go:222.2,222.12 1 0
mysql_tablespace_recycling/cmd/validate.go:226.75,227.20 1 0
mysql_tablespace_recycling/cmd/validate.go:228.30,229.24 1 0
mysql_tablespace_recycling/cmd/validate.go:230.32,231.27 1 0
mysql_tablespace_recycling/cmd/validate.go:232.29,233.27 1 0
mysql_tablespace_recycling/cmd/validate.go:234.30,235.30 1 0
mysql_tablespace_recycling/cmd/validate.go:236.10,237.28 1 0
mysql_tablespace_recycling/cmd/validate.go:242.63,243.16 1 0
mysql_tablespace_recycling/cmd/validate.go:244.34,245.33 1 0
mysql_tablespace_recycling/cmd/validate.go:246.37,247.30 1 0
mysql_tablespace_recycling/cmd/validate.go:248.36,249.29 1 0
mysql_tablespace_recycling/cmd/validate.go:250.37,251.27 1 0
mysql_tablespace_recycling/cmd/validate.go:252.37,253.30 1 0
mysql_tablespace_recycling/cmd/validate.go:254.10,255.24 1 0
mysql_tablespace_recycling/cmd/validate.go:260.51,261.14 1 0
mysql_tablespace_recycling/cmd/validate.go:261.14,263.3 1 0
mysql_tablespace_recycling/cmd/validate.go:263.8,265.3 1 0
